15:41:18 **** Build of configuration Debug for project OpenCLExercise1_Basics ****
make all 
Building file: ../src/OpenCLExercise1_Basics.cpp
Invoking: GCC C++ Compiler
g++ -DOMPI_SKIP_MPICXX -DCL_USE_DEPRECATED_OPENCL_1_1_APIS -I"/home/jaroscrl/workspace/OpenCLExercise1_Basics/lib" -I/usr/include/mpi -O0 -g3 -Wall -c -fmessage-length=0 -MMD -MP -MF"src/OpenCLExercise1_Basics.d" -MT"src/OpenCLExercise1_Basics.d" -o "src/OpenCLExercise1_Basics.o" "../src/OpenCLExercise1_Basics.cpp"
In file included from ../src/OpenCLExercise1_Basics.cpp:10:0:
/home/jaroscrl/workspace/OpenCLExercise1_Basics/lib/OpenCL/cl-patched.hpp: In constructor ‘cl::Sampler::Sampler(const cl::Context&, cl_bool, cl_addressing_mode, cl_filter_mode, cl_int*)’:
/home/jaroscrl/workspace/OpenCLExercise1_Basics/lib/OpenCL/cl-patched.hpp:4316:21: warning: ‘_cl_sampler* clCreateSampler(cl_context, cl_bool, cl_addressing_mode, cl_filter_mode, cl_int*)’ is deprecated [-Wdeprecated-declarations]
         object_ = ::clCreateSampler(
                     ^
In file included from /usr/include/CL/opencl.h:42:0,
                 from /home/jaroscrl/workspace/OpenCLExercise1_Basics/lib/OpenCL/cl-patched.hpp:187,
                 from ../src/OpenCLExercise1_Basics.cpp:10:
/usr/include/CL/cl.h:1366:1: note: declared here
 clCreateSampler(cl_context          /* context */,
 ^
In file included from ../src/OpenCLExercise1_Basics.cpp:10:0:
/home/jaroscrl/workspace/OpenCLExercise1_Basics/lib/OpenCL/cl-patched.hpp:4316:21: warning: ‘_cl_sampler* clCreateSampler(cl_context, cl_bool, cl_addressing_mode, cl_filter_mode, cl_int*)’ is deprecated [-Wdeprecated-declarations]
         object_ = ::clCreateSampler(
                     ^
In file included from /usr/include/CL/opencl.h:42:0,
                 from /home/jaroscrl/workspace/OpenCLExercise1_Basics/lib/OpenCL/cl-patched.hpp:187,
                 from ../src/OpenCLExercise1_Basics.cpp:10:
/usr/include/CL/cl.h:1366:1: note: declared here
 clCreateSampler(cl_context          /* context */,
 ^
In file included from ../src/OpenCLExercise1_Basics.cpp:10:0:
/home/jaroscrl/workspace/OpenCLExercise1_Basics/lib/OpenCL/cl-patched.hpp:4321:19: warning: ‘_cl_sampler* clCreateSampler(cl_context, cl_bool, cl_addressing_mode, cl_filter_mode, cl_int*)’ is deprecated [-Wdeprecated-declarations]
             &error);
                   ^
In file included from /usr/include/CL/opencl.h:42:0,
                 from /home/jaroscrl/workspace/OpenCLExercise1_Basics/lib/OpenCL/cl-patched.hpp:187,
                 from ../src/OpenCLExercise1_Basics.cpp:10:
/usr/include/CL/cl.h:1366:1: note: declared here
 clCreateSampler(cl_context          /* context */,
 ^
In file included from ../src/OpenCLExercise1_Basics.cpp:10:0:
/home/jaroscrl/workspace/OpenCLExercise1_Basics/lib/OpenCL/cl-patched.hpp: In constructor ‘cl::CommandQueue::CommandQueue(cl_command_queue_properties, cl_int*)’:
/home/jaroscrl/workspace/OpenCLExercise1_Basics/lib/OpenCL/cl-patched.hpp:5126:25: warning: ‘_cl_command_queue* clCreateCommandQueue(cl_context, cl_device_id, cl_command_queue_properties, cl_int*)’ is deprecated [-Wdeprecated-declarations]
             object_ = ::clCreateCommandQueue(
                         ^
In file included from /usr/include/CL/opencl.h:42:0,
                 from /home/jaroscrl/workspace/OpenCLExercise1_Basics/lib/OpenCL/cl-patched.hpp:187,
                 from ../src/OpenCLExercise1_Basics.cpp:10:
/usr/include/CL/cl.h:1359:1: note: declared here
 clCreateCommandQueue(cl_context                     /* context */,
 ^
In file included from ../src/OpenCLExercise1_Basics.cpp:10:0:
/home/jaroscrl/workspace/OpenCLExercise1_Basics/lib/OpenCL/cl-patched.hpp:5126:25: warning: ‘_cl_command_queue* clCreateCommandQueue(cl_context, cl_device_id, cl_command_queue_properties, cl_int*)’ is deprecated [-Wdeprecated-declarations]
             object_ = ::clCreateCommandQueue(
                         ^
In file included from /usr/include/CL/opencl.h:42:0,
                 from /home/jaroscrl/workspace/OpenCLExercise1_Basics/lib/OpenCL/cl-patched.hpp:187,
                 from ../src/OpenCLExercise1_Basics.cpp:10:
/usr/include/CL/cl.h:1359:1: note: declared here
 clCreateCommandQueue(cl_context                     /* context */,
 ^
In file included from ../src/OpenCLExercise1_Basics.cpp:10:0:
/home/jaroscrl/workspace/OpenCLExercise1_Basics/lib/OpenCL/cl-patched.hpp:5127:56: warning: ‘_cl_command_queue* clCreateCommandQueue(cl_context, cl_device_id, cl_command_queue_properties, cl_int*)’ is deprecated [-Wdeprecated-declarations]
                 context(), device(), properties, &error);
                                                        ^
In file included from /usr/include/CL/opencl.h:42:0,
                 from /home/jaroscrl/workspace/OpenCLExercise1_Basics/lib/OpenCL/cl-patched.hpp:187,
                 from ../src/OpenCLExercise1_Basics.cpp:10:
/usr/include/CL/cl.h:1359:1: note: declared here
 clCreateCommandQueue(cl_context                     /* context */,
 ^
In file included from ../src/OpenCLExercise1_Basics.cpp:10:0:
/home/jaroscrl/workspace/OpenCLExercise1_Basics/lib/OpenCL/cl-patched.hpp: In constructor ‘cl::CommandQueue::CommandQueue(const cl::Context&, cl_command_queue_properties, cl_int*)’:
/home/jaroscrl/workspace/OpenCLExercise1_Basics/lib/OpenCL/cl-patched.hpp:5157:21: warning: ‘_cl_command_queue* clCreateCommandQueue(cl_context, cl_device_id, cl_command_queue_properties, cl_int*)’ is deprecated [-Wdeprecated-declarations]
         object_ = ::clCreateCommandQueue(context(), devices[0](), properties, &error);
                     ^
In file included from /usr/include/CL/opencl.h:42:0,
                 from /home/jaroscrl/workspace/OpenCLExercise1_Basics/lib/OpenCL/cl-patched.hpp:187,
                 from ../src/OpenCLExercise1_Basics.cpp:10:
/usr/include/CL/cl.h:1359:1: note: declared here
 clCreateCommandQueue(cl_context                     /* context */,
 ^
In file included from ../src/OpenCLExercise1_Basics.cpp:10:0:
/home/jaroscrl/workspace/OpenCLExercise1_Basics/lib/OpenCL/cl-patched.hpp:5157:21: warning: ‘_cl_command_queue* clCreateCommandQueue(cl_context, cl_device_id, cl_command_queue_properties, cl_int*)’ is deprecated [-Wdeprecated-declarations]
         object_ = ::clCreateCommandQueue(context(), devices[0](), properties, &error);
                     ^
In file included from /usr/include/CL/opencl.h:42:0,
                 from /home/jaroscrl/workspace/OpenCLExercise1_Basics/lib/OpenCL/cl-patched.hpp:187,
                 from ../src/OpenCLExercise1_Basics.cpp:10:
/usr/include/CL/cl.h:1359:1: note: declared here
 clCreateCommandQueue(cl_context                     /* context */,
 ^
In file included from ../src/OpenCLExercise1_Basics.cpp:10:0:
/home/jaroscrl/workspace/OpenCLExercise1_Basics/lib/OpenCL/cl-patched.hpp:5157:85: warning: ‘_cl_command_queue* clCreateCommandQueue(cl_context, cl_device_id, cl_command_queue_properties, cl_int*)’ is deprecated [-Wdeprecated-declarations]
         object_ = ::clCreateCommandQueue(context(), devices[0](), properties, &error);
                                                                                     ^
In file included from /usr/include/CL/opencl.h:42:0,
                 from /home/jaroscrl/workspace/OpenCLExercise1_Basics/lib/OpenCL/cl-patched.hpp:187,
                 from ../src/OpenCLExercise1_Basics.cpp:10:
/usr/include/CL/cl.h:1359:1: note: declared here
 clCreateCommandQueue(cl_context                     /* context */,
 ^
In file included from ../src/OpenCLExercise1_Basics.cpp:10:0:
/home/jaroscrl/workspace/OpenCLExercise1_Basics/lib/OpenCL/cl-patched.hpp: In constructor ‘cl::CommandQueue::CommandQueue(const cl::Context&, const cl::Device&, cl_command_queue_properties, cl_int*)’:
/home/jaroscrl/workspace/OpenCLExercise1_Basics/lib/OpenCL/cl-patched.hpp:5174:21: warning: ‘_cl_command_queue* clCreateCommandQueue(cl_context, cl_device_id, cl_command_queue_properties, cl_int*)’ is deprecated [-Wdeprecated-declarations]
         object_ = ::clCreateCommandQueue(
                     ^
In file included from /usr/include/CL/opencl.h:42:0,
                 from /home/jaroscrl/workspace/OpenCLExercise1_Basics/lib/OpenCL/cl-patched.hpp:187,
                 from ../src/OpenCLExercise1_Basics.cpp:10:
/usr/include/CL/cl.h:1359:1: note: declared here
 clCreateCommandQueue(cl_context                     /* context */,
 ^
In file included from ../src/OpenCLExercise1_Basics.cpp:10:0:
/home/jaroscrl/workspace/OpenCLExercise1_Basics/lib/OpenCL/cl-patched.hpp:5174:21: warning: ‘_cl_command_queue* clCreateCommandQueue(cl_context, cl_device_id, cl_command_queue_properties, cl_int*)’ is deprecated [-Wdeprecated-declarations]
         object_ = ::clCreateCommandQueue(
                     ^
In file included from /usr/include/CL/opencl.h:42:0,
                 from /home/jaroscrl/workspace/OpenCLExercise1_Basics/lib/OpenCL/cl-patched.hpp:187,
                 from ../src/OpenCLExercise1_Basics.cpp:10:
/usr/include/CL/cl.h:1359:1: note: declared here
 clCreateCommandQueue(cl_context                     /* context */,
 ^
In file included from ../src/OpenCLExercise1_Basics.cpp:10:0:
/home/jaroscrl/workspace/OpenCLExercise1_Basics/lib/OpenCL/cl-patched.hpp:5175:52: warning: ‘_cl_command_queue* clCreateCommandQueue(cl_context, cl_device_id, cl_command_queue_properties, cl_int*)’ is deprecated [-Wdeprecated-declarations]
             context(), device(), properties, &error);
                                                    ^
In file included from /usr/include/CL/opencl.h:42:0,
                 from /home/jaroscrl/workspace/OpenCLExercise1_Basics/lib/OpenCL/cl-patched.hpp:187,
                 from ../src/OpenCLExercise1_Basics.cpp:10:
/usr/include/CL/cl.h:1359:1: note: declared here
 clCreateCommandQueue(cl_context                     /* context */,
 ^
In file included from ../src/OpenCLExercise1_Basics.cpp:10:0:
/home/jaroscrl/workspace/OpenCLExercise1_Basics/lib/OpenCL/cl-patched.hpp: In member function ‘cl_int cl::CommandQueue::enqueueTask(const cl::Kernel&, const std::vector<cl::Event>*, cl::Event*) const’:
/home/jaroscrl/workspace/OpenCLExercise1_Basics/lib/OpenCL/cl-patched.hpp:5951:15: warning: ‘cl_int clEnqueueTask(cl_command_queue, cl_kernel, cl_uint, _cl_event* const*, _cl_event**)’ is deprecated [-Wdeprecated-declarations]
             ::clEnqueueTask(
               ^
In file included from /usr/include/CL/opencl.h:42:0,
                 from /home/jaroscrl/workspace/OpenCLExercise1_Basics/lib/OpenCL/cl-patched.hpp:187,
                 from ../src/OpenCLExercise1_Basics.cpp:10:
/usr/include/CL/cl.h:1373:1: note: declared here
 clEnqueueTask(cl_command_queue  /* command_queue */,
 ^
In file included from ../src/OpenCLExercise1_Basics.cpp:10:0:
/home/jaroscrl/workspace/OpenCLExercise1_Basics/lib/OpenCL/cl-patched.hpp:5951:15: warning: ‘cl_int clEnqueueTask(cl_command_queue, cl_kernel, cl_uint, _cl_event* const*, _cl_event**)’ is deprecated [-Wdeprecated-declarations]
             ::clEnqueueTask(
               ^
In file included from /usr/include/CL/opencl.h:42:0,
                 from /home/jaroscrl/workspace/OpenCLExercise1_Basics/lib/OpenCL/cl-patched.hpp:187,
                 from ../src/OpenCLExercise1_Basics.cpp:10:
/usr/include/CL/cl.h:1373:1: note: declared here
 clEnqueueTask(cl_command_queue  /* command_queue */,
 ^
In file included from ../src/OpenCLExercise1_Basics.cpp:10:0:
/home/jaroscrl/workspace/OpenCLExercise1_Basics/lib/OpenCL/cl-patched.hpp:5955:46: warning: ‘cl_int clEnqueueTask(cl_command_queue, cl_kernel, cl_uint, _cl_event* const*, _cl_event**)’ is deprecated [-Wdeprecated-declarations]
                 (event != NULL) ? &tmp : NULL),
                                              ^
In file included from /usr/include/CL/opencl.h:42:0,
                 from /home/jaroscrl/workspace/OpenCLExercise1_Basics/lib/OpenCL/cl-patched.hpp:187,
                 from ../src/OpenCLExercise1_Basics.cpp:10:
/usr/include/CL/cl.h:1373:1: note: declared here
 clEnqueueTask(cl_command_queue  /* command_queue */,
 ^
Finished building: ../src/OpenCLExercise1_Basics.cpp
 
Building file: ../lib/OpenCL/Device.cpp
Invoking: GCC C++ Compiler
g++ -DOMPI_SKIP_MPICXX -DCL_USE_DEPRECATED_OPENCL_1_1_APIS -I"/home/jaroscrl/workspace/OpenCLExercise1_Basics/lib" -I/usr/include/mpi -O0 -g3 -Wall -c -fmessage-length=0 -MMD -MP -MF"lib/OpenCL/Device.d" -MT"lib/OpenCL/Device.d" -o "lib/OpenCL/Device.o" "../lib/OpenCL/Device.cpp"
In file included from ../lib/OpenCL/Device.hpp:26:0,
                 from ../lib/OpenCL/Device.cpp:23:
/home/jaroscrl/workspace/OpenCLExercise1_Basics/lib/OpenCL/cl-patched.hpp: In constructor ‘cl::Sampler::Sampler(const cl::Context&, cl_bool, cl_addressing_mode, cl_filter_mode, cl_int*)’:
/home/jaroscrl/workspace/OpenCLExercise1_Basics/lib/OpenCL/cl-patched.hpp:4316:21: warning: ‘_cl_sampler* clCreateSampler(cl_context, cl_bool, cl_addressing_mode, cl_filter_mode, cl_int*)’ is deprecated [-Wdeprecated-declarations]
         object_ = ::clCreateSampler(
                     ^
In file included from /usr/include/CL/opencl.h:42:0,
                 from /home/jaroscrl/workspace/OpenCLExercise1_Basics/lib/OpenCL/cl-patched.hpp:187,
                 from ../lib/OpenCL/Device.hpp:26,
                 from ../lib/OpenCL/Device.cpp:23:
/usr/include/CL/cl.h:1366:1: note: declared here
 clCreateSampler(cl_context          /* context */,
 ^
In file included from ../lib/OpenCL/Device.hpp:26:0,
                 from ../lib/OpenCL/Device.cpp:23:
/home/jaroscrl/workspace/OpenCLExercise1_Basics/lib/OpenCL/cl-patched.hpp:4316:21: warning: ‘_cl_sampler* clCreateSampler(cl_context, cl_bool, cl_addressing_mode, cl_filter_mode, cl_int*)’ is deprecated [-Wdeprecated-declarations]
         object_ = ::clCreateSampler(
                     ^
In file included from /usr/include/CL/opencl.h:42:0,
                 from /home/jaroscrl/workspace/OpenCLExercise1_Basics/lib/OpenCL/cl-patched.hpp:187,
                 from ../lib/OpenCL/Device.hpp:26,
                 from ../lib/OpenCL/Device.cpp:23:
/usr/include/CL/cl.h:1366:1: note: declared here
 clCreateSampler(cl_context          /* context */,
 ^
In file included from ../lib/OpenCL/Device.hpp:26:0,
                 from ../lib/OpenCL/Device.cpp:23:
/home/jaroscrl/workspace/OpenCLExercise1_Basics/lib/OpenCL/cl-patched.hpp:4321:19: warning: ‘_cl_sampler* clCreateSampler(cl_context, cl_bool, cl_addressing_mode, cl_filter_mode, cl_int*)’ is deprecated [-Wdeprecated-declarations]
             &error);
                   ^
In file included from /usr/include/CL/opencl.h:42:0,
                 from /home/jaroscrl/workspace/OpenCLExercise1_Basics/lib/OpenCL/cl-patched.hpp:187,
                 from ../lib/OpenCL/Device.hpp:26,
                 from ../lib/OpenCL/Device.cpp:23:
/usr/include/CL/cl.h:1366:1: note: declared here
 clCreateSampler(cl_context          /* context */,
 ^
In file included from ../lib/OpenCL/Device.hpp:26:0,
                 from ../lib/OpenCL/Device.cpp:23:
/home/jaroscrl/workspace/OpenCLExercise1_Basics/lib/OpenCL/cl-patched.hpp: In constructor ‘cl::CommandQueue::CommandQueue(cl_command_queue_properties, cl_int*)’:
/home/jaroscrl/workspace/OpenCLExercise1_Basics/lib/OpenCL/cl-patched.hpp:5126:25: warning: ‘_cl_command_queue* clCreateCommandQueue(cl_context, cl_device_id, cl_command_queue_properties, cl_int*)’ is deprecated [-Wdeprecated-declarations]
             object_ = ::clCreateCommandQueue(
                         ^
In file included from /usr/include/CL/opencl.h:42:0,
                 from /home/jaroscrl/workspace/OpenCLExercise1_Basics/lib/OpenCL/cl-patched.hpp:187,
                 from ../lib/OpenCL/Device.hpp:26,
                 from ../lib/OpenCL/Device.cpp:23:
/usr/include/CL/cl.h:1359:1: note: declared here
 clCreateCommandQueue(cl_context                     /* context */,
 ^
In file included from ../lib/OpenCL/Device.hpp:26:0,
                 from ../lib/OpenCL/Device.cpp:23:
/home/jaroscrl/workspace/OpenCLExercise1_Basics/lib/OpenCL/cl-patched.hpp:5126:25: warning: ‘_cl_command_queue* clCreateCommandQueue(cl_context, cl_device_id, cl_command_queue_properties, cl_int*)’ is deprecated [-Wdeprecated-declarations]
             object_ = ::clCreateCommandQueue(
                         ^
In file included from /usr/include/CL/opencl.h:42:0,
                 from /home/jaroscrl/workspace/OpenCLExercise1_Basics/lib/OpenCL/cl-patched.hpp:187,
                 from ../lib/OpenCL/Device.hpp:26,
                 from ../lib/OpenCL/Device.cpp:23:
/usr/include/CL/cl.h:1359:1: note: declared here
 clCreateCommandQueue(cl_context                     /* context */,
 ^
In file included from ../lib/OpenCL/Device.hpp:26:0,
                 from ../lib/OpenCL/Device.cpp:23:
/home/jaroscrl/workspace/OpenCLExercise1_Basics/lib/OpenCL/cl-patched.hpp:5127:56: warning: ‘_cl_command_queue* clCreateCommandQueue(cl_context, cl_device_id, cl_command_queue_properties, cl_int*)’ is deprecated [-Wdeprecated-declarations]
                 context(), device(), properties, &error);
                                                        ^
In file included from /usr/include/CL/opencl.h:42:0,
                 from /home/jaroscrl/workspace/OpenCLExercise1_Basics/lib/OpenCL/cl-patched.hpp:187,
                 from ../lib/OpenCL/Device.hpp:26,
                 from ../lib/OpenCL/Device.cpp:23:
/usr/include/CL/cl.h:1359:1: note: declared here
 clCreateCommandQueue(cl_context                     /* context */,
 ^
In file included from ../lib/OpenCL/Device.hpp:26:0,
                 from ../lib/OpenCL/Device.cpp:23:
/home/jaroscrl/workspace/OpenCLExercise1_Basics/lib/OpenCL/cl-patched.hpp: In constructor ‘cl::CommandQueue::CommandQueue(const cl::Context&, cl_command_queue_properties, cl_int*)’:
/home/jaroscrl/workspace/OpenCLExercise1_Basics/lib/OpenCL/cl-patched.hpp:5157:21: warning: ‘_cl_command_queue* clCreateCommandQueue(cl_context, cl_device_id, cl_command_queue_properties, cl_int*)’ is deprecated [-Wdeprecated-declarations]
         object_ = ::clCreateCommandQueue(context(), devices[0](), properties, &error);
                     ^
In file included from /usr/include/CL/opencl.h:42:0,
                 from /home/jaroscrl/workspace/OpenCLExercise1_Basics/lib/OpenCL/cl-patched.hpp:187,
                 from ../lib/OpenCL/Device.hpp:26,
                 from ../lib/OpenCL/Device.cpp:23:
/usr/include/CL/cl.h:1359:1: note: declared here
 clCreateCommandQueue(cl_context                     /* context */,
 ^
In file included from ../lib/OpenCL/Device.hpp:26:0,
                 from ../lib/OpenCL/Device.cpp:23:
/home/jaroscrl/workspace/OpenCLExercise1_Basics/lib/OpenCL/cl-patched.hpp:5157:21: warning: ‘_cl_command_queue* clCreateCommandQueue(cl_context, cl_device_id, cl_command_queue_properties, cl_int*)’ is deprecated [-Wdeprecated-declarations]
         object_ = ::clCreateCommandQueue(context(), devices[0](), properties, &error);
                     ^
In file included from /usr/include/CL/opencl.h:42:0,
                 from /home/jaroscrl/workspace/OpenCLExercise1_Basics/lib/OpenCL/cl-patched.hpp:187,
                 from ../lib/OpenCL/Device.hpp:26,
                 from ../lib/OpenCL/Device.cpp:23:
/usr/include/CL/cl.h:1359:1: note: declared here
 clCreateCommandQueue(cl_context                     /* context */,
 ^
In file included from ../lib/OpenCL/Device.hpp:26:0,
                 from ../lib/OpenCL/Device.cpp:23:
/home/jaroscrl/workspace/OpenCLExercise1_Basics/lib/OpenCL/cl-patched.hpp:5157:85: warning: ‘_cl_command_queue* clCreateCommandQueue(cl_context, cl_device_id, cl_command_queue_properties, cl_int*)’ is deprecated [-Wdeprecated-declarations]
         object_ = ::clCreateCommandQueue(context(), devices[0](), properties, &error);
                                                                                     ^
In file included from /usr/include/CL/opencl.h:42:0,
                 from /home/jaroscrl/workspace/OpenCLExercise1_Basics/lib/OpenCL/cl-patched.hpp:187,
                 from ../lib/OpenCL/Device.hpp:26,
                 from ../lib/OpenCL/Device.cpp:23:
/usr/include/CL/cl.h:1359:1: note: declared here
 clCreateCommandQueue(cl_context                     /* context */,
 ^
In file included from ../lib/OpenCL/Device.hpp:26:0,
                 from ../lib/OpenCL/Device.cpp:23:
/home/jaroscrl/workspace/OpenCLExercise1_Basics/lib/OpenCL/cl-patched.hpp: In constructor ‘cl::CommandQueue::CommandQueue(const cl::Context&, const cl::Device&, cl_command_queue_properties, cl_int*)’:
/home/jaroscrl/workspace/OpenCLExercise1_Basics/lib/OpenCL/cl-patched.hpp:5174:21: warning: ‘_cl_command_queue* clCreateCommandQueue(cl_context, cl_device_id, cl_command_queue_properties, cl_int*)’ is deprecated [-Wdeprecated-declarations]
         object_ = ::clCreateCommandQueue(
                     ^
In file included from /usr/include/CL/opencl.h:42:0,
                 from /home/jaroscrl/workspace/OpenCLExercise1_Basics/lib/OpenCL/cl-patched.hpp:187,
                 from ../lib/OpenCL/Device.hpp:26,
                 from ../lib/OpenCL/Device.cpp:23:
/usr/include/CL/cl.h:1359:1: note: declared here
 clCreateCommandQueue(cl_context                     /* context */,
 ^
In file included from ../lib/OpenCL/Device.hpp:26:0,
                 from ../lib/OpenCL/Device.cpp:23:
/home/jaroscrl/workspace/OpenCLExercise1_Basics/lib/OpenCL/cl-patched.hpp:5174:21: warning: ‘_cl_command_queue* clCreateCommandQueue(cl_context, cl_device_id, cl_command_queue_properties, cl_int*)’ is deprecated [-Wdeprecated-declarations]
         object_ = ::clCreateCommandQueue(
                     ^
In file included from /usr/include/CL/opencl.h:42:0,
                 from /home/jaroscrl/workspace/OpenCLExercise1_Basics/lib/OpenCL/cl-patched.hpp:187,
                 from ../lib/OpenCL/Device.hpp:26,
                 from ../lib/OpenCL/Device.cpp:23:
/usr/include/CL/cl.h:1359:1: note: declared here
 clCreateCommandQueue(cl_context                     /* context */,
 ^
In file included from ../lib/OpenCL/Device.hpp:26:0,
                 from ../lib/OpenCL/Device.cpp:23:
/home/jaroscrl/workspace/OpenCLExercise1_Basics/lib/OpenCL/cl-patched.hpp:5175:52: warning: ‘_cl_command_queue* clCreateCommandQueue(cl_context, cl_device_id, cl_command_queue_properties, cl_int*)’ is deprecated [-Wdeprecated-declarations]
             context(), device(), properties, &error);
                                                    ^
In file included from /usr/include/CL/opencl.h:42:0,
                 from /home/jaroscrl/workspace/OpenCLExercise1_Basics/lib/OpenCL/cl-patched.hpp:187,
                 from ../lib/OpenCL/Device.hpp:26,
                 from ../lib/OpenCL/Device.cpp:23:
/usr/include/CL/cl.h:1359:1: note: declared here
 clCreateCommandQueue(cl_context                     /* context */,
 ^
In file included from ../lib/OpenCL/Device.hpp:26:0,
                 from ../lib/OpenCL/Device.cpp:23:
/home/jaroscrl/workspace/OpenCLExercise1_Basics/lib/OpenCL/cl-patched.hpp: In member function ‘cl_int cl::CommandQueue::enqueueTask(const cl::Kernel&, const std::vector<cl::Event>*, cl::Event*) const’:
/home/jaroscrl/workspace/OpenCLExercise1_Basics/lib/OpenCL/cl-patched.hpp:5951:15: warning: ‘cl_int clEnqueueTask(cl_command_queue, cl_kernel, cl_uint, _cl_event* const*, _cl_event**)’ is deprecated [-Wdeprecated-declarations]
             ::clEnqueueTask(
               ^
In file included from /usr/include/CL/opencl.h:42:0,
                 from /home/jaroscrl/workspace/OpenCLExercise1_Basics/lib/OpenCL/cl-patched.hpp:187,
                 from ../lib/OpenCL/Device.hpp:26,
                 from ../lib/OpenCL/Device.cpp:23:
/usr/include/CL/cl.h:1373:1: note: declared here
 clEnqueueTask(cl_command_queue  /* command_queue */,
 ^
In file included from ../lib/OpenCL/Device.hpp:26:0,
                 from ../lib/OpenCL/Device.cpp:23:
/home/jaroscrl/workspace/OpenCLExercise1_Basics/lib/OpenCL/cl-patched.hpp:5951:15: warning: ‘cl_int clEnqueueTask(cl_command_queue, cl_kernel, cl_uint, _cl_event* const*, _cl_event**)’ is deprecated [-Wdeprecated-declarations]
             ::clEnqueueTask(
               ^
In file included from /usr/include/CL/opencl.h:42:0,
                 from /home/jaroscrl/workspace/OpenCLExercise1_Basics/lib/OpenCL/cl-patched.hpp:187,
                 from ../lib/OpenCL/Device.hpp:26,
                 from ../lib/OpenCL/Device.cpp:23:
/usr/include/CL/cl.h:1373:1: note: declared here
 clEnqueueTask(cl_command_queue  /* command_queue */,
 ^
In file included from ../lib/OpenCL/Device.hpp:26:0,
                 from ../lib/OpenCL/Device.cpp:23:
/home/jaroscrl/workspace/OpenCLExercise1_Basics/lib/OpenCL/cl-patched.hpp:5955:46: warning: ‘cl_int clEnqueueTask(cl_command_queue, cl_kernel, cl_uint, _cl_event* const*, _cl_event**)’ is deprecated [-Wdeprecated-declarations]
                 (event != NULL) ? &tmp : NULL),
                                              ^
In file included from /usr/include/CL/opencl.h:42:0,
                 from /home/jaroscrl/workspace/OpenCLExercise1_Basics/lib/OpenCL/cl-patched.hpp:187,
                 from ../lib/OpenCL/Device.hpp:26,
                 from ../lib/OpenCL/Device.cpp:23:
/usr/include/CL/cl.h:1373:1: note: declared here
 clEnqueueTask(cl_command_queue  /* command_queue */,
 ^
Finished building: ../lib/OpenCL/Device.cpp
 
Building file: ../lib/OpenCL/Error.cpp
Invoking: GCC C++ Compiler
g++ -DOMPI_SKIP_MPICXX -DCL_USE_DEPRECATED_OPENCL_1_1_APIS -I"/home/jaroscrl/workspace/OpenCLExercise1_Basics/lib" -I/usr/include/mpi -O0 -g3 -Wall -c -fmessage-length=0 -MMD -MP -MF"lib/OpenCL/Error.d" -MT"lib/OpenCL/Error.d" -o "lib/OpenCL/Error.o" "../lib/OpenCL/Error.cpp"
In file included from ../lib/OpenCL/Error.hpp:31:0,
                 from ../lib/OpenCL/Error.cpp:23:
/home/jaroscrl/workspace/OpenCLExercise1_Basics/lib/OpenCL/cl-patched.hpp: In constructor ‘cl::Sampler::Sampler(const cl::Context&, cl_bool, cl_addressing_mode, cl_filter_mode, cl_int*)’:
/home/jaroscrl/workspace/OpenCLExercise1_Basics/lib/OpenCL/cl-patched.hpp:4316:21: warning: ‘_cl_sampler* clCreateSampler(cl_context, cl_bool, cl_addressing_mode, cl_filter_mode, cl_int*)’ is deprecated [-Wdeprecated-declarations]
         object_ = ::clCreateSampler(
                     ^
In file included from /usr/include/CL/opencl.h:42:0,
                 from /home/jaroscrl/workspace/OpenCLExercise1_Basics/lib/OpenCL/cl-patched.hpp:187,
                 from ../lib/OpenCL/Error.hpp:31,
                 from ../lib/OpenCL/Error.cpp:23:
/usr/include/CL/cl.h:1366:1: note: declared here
 clCreateSampler(cl_context          /* context */,
 ^
In file included from ../lib/OpenCL/Error.hpp:31:0,
                 from ../lib/OpenCL/Error.cpp:23:
/home/jaroscrl/workspace/OpenCLExercise1_Basics/lib/OpenCL/cl-patched.hpp:4316:21: warning: ‘_cl_sampler* clCreateSampler(cl_context, cl_bool, cl_addressing_mode, cl_filter_mode, cl_int*)’ is deprecated [-Wdeprecated-declarations]
         object_ = ::clCreateSampler(
                     ^
In file included from /usr/include/CL/opencl.h:42:0,
                 from /home/jaroscrl/workspace/OpenCLExercise1_Basics/lib/OpenCL/cl-patched.hpp:187,
                 from ../lib/OpenCL/Error.hpp:31,
                 from ../lib/OpenCL/Error.cpp:23:
/usr/include/CL/cl.h:1366:1: note: declared here
 clCreateSampler(cl_context          /* context */,
 ^
In file included from ../lib/OpenCL/Error.hpp:31:0,
                 from ../lib/OpenCL/Error.cpp:23:
/home/jaroscrl/workspace/OpenCLExercise1_Basics/lib/OpenCL/cl-patched.hpp:4321:19: warning: ‘_cl_sampler* clCreateSampler(cl_context, cl_bool, cl_addressing_mode, cl_filter_mode, cl_int*)’ is deprecated [-Wdeprecated-declarations]
             &error);
                   ^
In file included from /usr/include/CL/opencl.h:42:0,
                 from /home/jaroscrl/workspace/OpenCLExercise1_Basics/lib/OpenCL/cl-patched.hpp:187,
                 from ../lib/OpenCL/Error.hpp:31,
                 from ../lib/OpenCL/Error.cpp:23:
/usr/include/CL/cl.h:1366:1: note: declared here
 clCreateSampler(cl_context          /* context */,
 ^
In file included from ../lib/OpenCL/Error.hpp:31:0,
                 from ../lib/OpenCL/Error.cpp:23:
/home/jaroscrl/workspace/OpenCLExercise1_Basics/lib/OpenCL/cl-patched.hpp: In constructor ‘cl::CommandQueue::CommandQueue(cl_command_queue_properties, cl_int*)’:
/home/jaroscrl/workspace/OpenCLExercise1_Basics/lib/OpenCL/cl-patched.hpp:5126:25: warning: ‘_cl_command_queue* clCreateCommandQueue(cl_context, cl_device_id, cl_command_queue_properties, cl_int*)’ is deprecated [-Wdeprecated-declarations]
             object_ = ::clCreateCommandQueue(
                         ^
In file included from /usr/include/CL/opencl.h:42:0,
                 from /home/jaroscrl/workspace/OpenCLExercise1_Basics/lib/OpenCL/cl-patched.hpp:187,
                 from ../lib/OpenCL/Error.hpp:31,
                 from ../lib/OpenCL/Error.cpp:23:
/usr/include/CL/cl.h:1359:1: note: declared here
 clCreateCommandQueue(cl_context                     /* context */,
 ^
In file included from ../lib/OpenCL/Error.hpp:31:0,
                 from ../lib/OpenCL/Error.cpp:23:
/home/jaroscrl/workspace/OpenCLExercise1_Basics/lib/OpenCL/cl-patched.hpp:5126:25: warning: ‘_cl_command_queue* clCreateCommandQueue(cl_context, cl_device_id, cl_command_queue_properties, cl_int*)’ is deprecated [-Wdeprecated-declarations]
             object_ = ::clCreateCommandQueue(
                         ^
In file included from /usr/include/CL/opencl.h:42:0,
                 from /home/jaroscrl/workspace/OpenCLExercise1_Basics/lib/OpenCL/cl-patched.hpp:187,
                 from ../lib/OpenCL/Error.hpp:31,
                 from ../lib/OpenCL/Error.cpp:23:
/usr/include/CL/cl.h:1359:1: note: declared here
 clCreateCommandQueue(cl_context                     /* context */,
 ^
In file included from ../lib/OpenCL/Error.hpp:31:0,
                 from ../lib/OpenCL/Error.cpp:23:
/home/jaroscrl/workspace/OpenCLExercise1_Basics/lib/OpenCL/cl-patched.hpp:5127:56: warning: ‘_cl_command_queue* clCreateCommandQueue(cl_context, cl_device_id, cl_command_queue_properties, cl_int*)’ is deprecated [-Wdeprecated-declarations]
                 context(), device(), properties, &error);
                                                        ^
In file included from /usr/include/CL/opencl.h:42:0,
                 from /home/jaroscrl/workspace/OpenCLExercise1_Basics/lib/OpenCL/cl-patched.hpp:187,
                 from ../lib/OpenCL/Error.hpp:31,
                 from ../lib/OpenCL/Error.cpp:23:
/usr/include/CL/cl.h:1359:1: note: declared here
 clCreateCommandQueue(cl_context                     /* context */,
 ^
In file included from ../lib/OpenCL/Error.hpp:31:0,
                 from ../lib/OpenCL/Error.cpp:23:
/home/jaroscrl/workspace/OpenCLExercise1_Basics/lib/OpenCL/cl-patched.hpp: In constructor ‘cl::CommandQueue::CommandQueue(const cl::Context&, cl_command_queue_properties, cl_int*)’:
/home/jaroscrl/workspace/OpenCLExercise1_Basics/lib/OpenCL/cl-patched.hpp:5157:21: warning: ‘_cl_command_queue* clCreateCommandQueue(cl_context, cl_device_id, cl_command_queue_properties, cl_int*)’ is deprecated [-Wdeprecated-declarations]
         object_ = ::clCreateCommandQueue(context(), devices[0](), properties, &error);
                     ^
In file included from /usr/include/CL/opencl.h:42:0,
                 from /home/jaroscrl/workspace/OpenCLExercise1_Basics/lib/OpenCL/cl-patched.hpp:187,
                 from ../lib/OpenCL/Error.hpp:31,
                 from ../lib/OpenCL/Error.cpp:23:
/usr/include/CL/cl.h:1359:1: note: declared here
 clCreateCommandQueue(cl_context                     /* context */,
 ^
In file included from ../lib/OpenCL/Error.hpp:31:0,
                 from ../lib/OpenCL/Error.cpp:23:
/home/jaroscrl/workspace/OpenCLExercise1_Basics/lib/OpenCL/cl-patched.hpp:5157:21: warning: ‘_cl_command_queue* clCreateCommandQueue(cl_context, cl_device_id, cl_command_queue_properties, cl_int*)’ is deprecated [-Wdeprecated-declarations]
         object_ = ::clCreateCommandQueue(context(), devices[0](), properties, &error);
                     ^
In file included from /usr/include/CL/opencl.h:42:0,
                 from /home/jaroscrl/workspace/OpenCLExercise1_Basics/lib/OpenCL/cl-patched.hpp:187,
                 from ../lib/OpenCL/Error.hpp:31,
                 from ../lib/OpenCL/Error.cpp:23:
/usr/include/CL/cl.h:1359:1: note: declared here
 clCreateCommandQueue(cl_context                     /* context */,
 ^
In file included from ../lib/OpenCL/Error.hpp:31:0,
                 from ../lib/OpenCL/Error.cpp:23:
/home/jaroscrl/workspace/OpenCLExercise1_Basics/lib/OpenCL/cl-patched.hpp:5157:85: warning: ‘_cl_command_queue* clCreateCommandQueue(cl_context, cl_device_id, cl_command_queue_properties, cl_int*)’ is deprecated [-Wdeprecated-declarations]
         object_ = ::clCreateCommandQueue(context(), devices[0](), properties, &error);
                                                                                     ^
In file included from /usr/include/CL/opencl.h:42:0,
                 from /home/jaroscrl/workspace/OpenCLExercise1_Basics/lib/OpenCL/cl-patched.hpp:187,
                 from ../lib/OpenCL/Error.hpp:31,
                 from ../lib/OpenCL/Error.cpp:23:
/usr/include/CL/cl.h:1359:1: note: declared here
 clCreateCommandQueue(cl_context                     /* context */,
 ^
In file included from ../lib/OpenCL/Error.hpp:31:0,
                 from ../lib/OpenCL/Error.cpp:23:
/home/jaroscrl/workspace/OpenCLExercise1_Basics/lib/OpenCL/cl-patched.hpp: In constructor ‘cl::CommandQueue::CommandQueue(const cl::Context&, const cl::Device&, cl_command_queue_properties, cl_int*)’:
/home/jaroscrl/workspace/OpenCLExercise1_Basics/lib/OpenCL/cl-patched.hpp:5174:21: warning: ‘_cl_command_queue* clCreateCommandQueue(cl_context, cl_device_id, cl_command_queue_properties, cl_int*)’ is deprecated [-Wdeprecated-declarations]
         object_ = ::clCreateCommandQueue(
                     ^
In file included from /usr/include/CL/opencl.h:42:0,
                 from /home/jaroscrl/workspace/OpenCLExercise1_Basics/lib/OpenCL/cl-patched.hpp:187,
                 from ../lib/OpenCL/Error.hpp:31,
                 from ../lib/OpenCL/Error.cpp:23:
/usr/include/CL/cl.h:1359:1: note: declared here
 clCreateCommandQueue(cl_context                     /* context */,
 ^
In file included from ../lib/OpenCL/Error.hpp:31:0,
                 from ../lib/OpenCL/Error.cpp:23:
/home/jaroscrl/workspace/OpenCLExercise1_Basics/lib/OpenCL/cl-patched.hpp:5174:21: warning: ‘_cl_command_queue* clCreateCommandQueue(cl_context, cl_device_id, cl_command_queue_properties, cl_int*)’ is deprecated [-Wdeprecated-declarations]
         object_ = ::clCreateCommandQueue(
                     ^
In file included from /usr/include/CL/opencl.h:42:0,
                 from /home/jaroscrl/workspace/OpenCLExercise1_Basics/lib/OpenCL/cl-patched.hpp:187,
                 from ../lib/OpenCL/Error.hpp:31,
                 from ../lib/OpenCL/Error.cpp:23:
/usr/include/CL/cl.h:1359:1: note: declared here
 clCreateCommandQueue(cl_context                     /* context */,
 ^
In file included from ../lib/OpenCL/Error.hpp:31:0,
                 from ../lib/OpenCL/Error.cpp:23:
/home/jaroscrl/workspace/OpenCLExercise1_Basics/lib/OpenCL/cl-patched.hpp:5175:52: warning: ‘_cl_command_queue* clCreateCommandQueue(cl_context, cl_device_id, cl_command_queue_properties, cl_int*)’ is deprecated [-Wdeprecated-declarations]
             context(), device(), properties, &error);
                                                    ^
In file included from /usr/include/CL/opencl.h:42:0,
                 from /home/jaroscrl/workspace/OpenCLExercise1_Basics/lib/OpenCL/cl-patched.hpp:187,
                 from ../lib/OpenCL/Error.hpp:31,
                 from ../lib/OpenCL/Error.cpp:23:
/usr/include/CL/cl.h:1359:1: note: declared here
 clCreateCommandQueue(cl_context                     /* context */,
 ^
In file included from ../lib/OpenCL/Error.hpp:31:0,
                 from ../lib/OpenCL/Error.cpp:23:
/home/jaroscrl/workspace/OpenCLExercise1_Basics/lib/OpenCL/cl-patched.hpp: In member function ‘cl_int cl::CommandQueue::enqueueTask(const cl::Kernel&, const std::vector<cl::Event>*, cl::Event*) const’:
/home/jaroscrl/workspace/OpenCLExercise1_Basics/lib/OpenCL/cl-patched.hpp:5951:15: warning: ‘cl_int clEnqueueTask(cl_command_queue, cl_kernel, cl_uint, _cl_event* const*, _cl_event**)’ is deprecated [-Wdeprecated-declarations]
             ::clEnqueueTask(
               ^
In file included from /usr/include/CL/opencl.h:42:0,
                 from /home/jaroscrl/workspace/OpenCLExercise1_Basics/lib/OpenCL/cl-patched.hpp:187,
                 from ../lib/OpenCL/Error.hpp:31,
                 from ../lib/OpenCL/Error.cpp:23:
/usr/include/CL/cl.h:1373:1: note: declared here
 clEnqueueTask(cl_command_queue  /* command_queue */,
 ^
In file included from ../lib/OpenCL/Error.hpp:31:0,
                 from ../lib/OpenCL/Error.cpp:23:
/home/jaroscrl/workspace/OpenCLExercise1_Basics/lib/OpenCL/cl-patched.hpp:5951:15: warning: ‘cl_int clEnqueueTask(cl_command_queue, cl_kernel, cl_uint, _cl_event* const*, _cl_event**)’ is deprecated [-Wdeprecated-declarations]
             ::clEnqueueTask(
               ^
In file included from /usr/include/CL/opencl.h:42:0,
                 from /home/jaroscrl/workspace/OpenCLExercise1_Basics/lib/OpenCL/cl-patched.hpp:187,
                 from ../lib/OpenCL/Error.hpp:31,
                 from ../lib/OpenCL/Error.cpp:23:
/usr/include/CL/cl.h:1373:1: note: declared here
 clEnqueueTask(cl_command_queue  /* command_queue */,
 ^
In file included from ../lib/OpenCL/Error.hpp:31:0,
                 from ../lib/OpenCL/Error.cpp:23:
/home/jaroscrl/workspace/OpenCLExercise1_Basics/lib/OpenCL/cl-patched.hpp:5955:46: warning: ‘cl_int clEnqueueTask(cl_command_queue, cl_kernel, cl_uint, _cl_event* const*, _cl_event**)’ is deprecated [-Wdeprecated-declarations]
                 (event != NULL) ? &tmp : NULL),
                                              ^
In file included from /usr/include/CL/opencl.h:42:0,
                 from /home/jaroscrl/workspace/OpenCLExercise1_Basics/lib/OpenCL/cl-patched.hpp:187,
                 from ../lib/OpenCL/Error.hpp:31,
                 from ../lib/OpenCL/Error.cpp:23:
/usr/include/CL/cl.h:1373:1: note: declared here
 clEnqueueTask(cl_command_queue  /* command_queue */,
 ^
Finished building: ../lib/OpenCL/Error.cpp
 
Building file: ../lib/OpenCL/Event.cpp
Invoking: GCC C++ Compiler
g++ -DOMPI_SKIP_MPICXX -DCL_USE_DEPRECATED_OPENCL_1_1_APIS -I"/home/jaroscrl/workspace/OpenCLExercise1_Basics/lib" -I/usr/include/mpi -O0 -g3 -Wall -c -fmessage-length=0 -MMD -MP -MF"lib/OpenCL/Event.d" -MT"lib/OpenCL/Event.d" -o "lib/OpenCL/Event.o" "../lib/OpenCL/Event.cpp"
In file included from ../lib/OpenCL/Event.hpp:28:0,
                 from ../lib/OpenCL/Event.cpp:23:
/home/jaroscrl/workspace/OpenCLExercise1_Basics/lib/OpenCL/cl-patched.hpp: In constructor ‘cl::Sampler::Sampler(const cl::Context&, cl_bool, cl_addressing_mode, cl_filter_mode, cl_int*)’:
/home/jaroscrl/workspace/OpenCLExercise1_Basics/lib/OpenCL/cl-patched.hpp:4316:21: warning: ‘_cl_sampler* clCreateSampler(cl_context, cl_bool, cl_addressing_mode, cl_filter_mode, cl_int*)’ is deprecated [-Wdeprecated-declarations]
         object_ = ::clCreateSampler(
                     ^
In file included from /usr/include/CL/opencl.h:42:0,
                 from /home/jaroscrl/workspace/OpenCLExercise1_Basics/lib/OpenCL/cl-patched.hpp:187,
                 from ../lib/OpenCL/Event.hpp:28,
                 from ../lib/OpenCL/Event.cpp:23:
/usr/include/CL/cl.h:1366:1: note: declared here
 clCreateSampler(cl_context          /* context */,
 ^
In file included from ../lib/OpenCL/Event.hpp:28:0,
                 from ../lib/OpenCL/Event.cpp:23:
/home/jaroscrl/workspace/OpenCLExercise1_Basics/lib/OpenCL/cl-patched.hpp:4316:21: warning: ‘_cl_sampler* clCreateSampler(cl_context, cl_bool, cl_addressing_mode, cl_filter_mode, cl_int*)’ is deprecated [-Wdeprecated-declarations]
         object_ = ::clCreateSampler(
                     ^
In file included from /usr/include/CL/opencl.h:42:0,
                 from /home/jaroscrl/workspace/OpenCLExercise1_Basics/lib/OpenCL/cl-patched.hpp:187,
                 from ../lib/OpenCL/Event.hpp:28,
                 from ../lib/OpenCL/Event.cpp:23:
/usr/include/CL/cl.h:1366:1: note: declared here
 clCreateSampler(cl_context          /* context */,
 ^
In file included from ../lib/OpenCL/Event.hpp:28:0,
                 from ../lib/OpenCL/Event.cpp:23:
/home/jaroscrl/workspace/OpenCLExercise1_Basics/lib/OpenCL/cl-patched.hpp:4321:19: warning: ‘_cl_sampler* clCreateSampler(cl_context, cl_bool, cl_addressing_mode, cl_filter_mode, cl_int*)’ is deprecated [-Wdeprecated-declarations]
             &error);
                   ^
In file included from /usr/include/CL/opencl.h:42:0,
                 from /home/jaroscrl/workspace/OpenCLExercise1_Basics/lib/OpenCL/cl-patched.hpp:187,
                 from ../lib/OpenCL/Event.hpp:28,
                 from ../lib/OpenCL/Event.cpp:23:
/usr/include/CL/cl.h:1366:1: note: declared here
 clCreateSampler(cl_context          /* context */,
 ^
In file included from ../lib/OpenCL/Event.hpp:28:0,
                 from ../lib/OpenCL/Event.cpp:23:
/home/jaroscrl/workspace/OpenCLExercise1_Basics/lib/OpenCL/cl-patched.hpp: In constructor ‘cl::CommandQueue::CommandQueue(cl_command_queue_properties, cl_int*)’:
/home/jaroscrl/workspace/OpenCLExercise1_Basics/lib/OpenCL/cl-patched.hpp:5126:25: warning: ‘_cl_command_queue* clCreateCommandQueue(cl_context, cl_device_id, cl_command_queue_properties, cl_int*)’ is deprecated [-Wdeprecated-declarations]
             object_ = ::clCreateCommandQueue(
                         ^
In file included from /usr/include/CL/opencl.h:42:0,
                 from /home/jaroscrl/workspace/OpenCLExercise1_Basics/lib/OpenCL/cl-patched.hpp:187,
                 from ../lib/OpenCL/Event.hpp:28,
                 from ../lib/OpenCL/Event.cpp:23:
/usr/include/CL/cl.h:1359:1: note: declared here
 clCreateCommandQueue(cl_context                     /* context */,
 ^
In file included from ../lib/OpenCL/Event.hpp:28:0,
                 from ../lib/OpenCL/Event.cpp:23:
/home/jaroscrl/workspace/OpenCLExercise1_Basics/lib/OpenCL/cl-patched.hpp:5126:25: warning: ‘_cl_command_queue* clCreateCommandQueue(cl_context, cl_device_id, cl_command_queue_properties, cl_int*)’ is deprecated [-Wdeprecated-declarations]
             object_ = ::clCreateCommandQueue(
                         ^
In file included from /usr/include/CL/opencl.h:42:0,
                 from /home/jaroscrl/workspace/OpenCLExercise1_Basics/lib/OpenCL/cl-patched.hpp:187,
                 from ../lib/OpenCL/Event.hpp:28,
                 from ../lib/OpenCL/Event.cpp:23:
/usr/include/CL/cl.h:1359:1: note: declared here
 clCreateCommandQueue(cl_context                     /* context */,
 ^
In file included from ../lib/OpenCL/Event.hpp:28:0,
                 from ../lib/OpenCL/Event.cpp:23:
/home/jaroscrl/workspace/OpenCLExercise1_Basics/lib/OpenCL/cl-patched.hpp:5127:56: warning: ‘_cl_command_queue* clCreateCommandQueue(cl_context, cl_device_id, cl_command_queue_properties, cl_int*)’ is deprecated [-Wdeprecated-declarations]
                 context(), device(), properties, &error);
                                                        ^
In file included from /usr/include/CL/opencl.h:42:0,
                 from /home/jaroscrl/workspace/OpenCLExercise1_Basics/lib/OpenCL/cl-patched.hpp:187,
                 from ../lib/OpenCL/Event.hpp:28,
                 from ../lib/OpenCL/Event.cpp:23:
/usr/include/CL/cl.h:1359:1: note: declared here
 clCreateCommandQueue(cl_context                     /* context */,
 ^
In file included from ../lib/OpenCL/Event.hpp:28:0,
                 from ../lib/OpenCL/Event.cpp:23:
/home/jaroscrl/workspace/OpenCLExercise1_Basics/lib/OpenCL/cl-patched.hpp: In constructor ‘cl::CommandQueue::CommandQueue(const cl::Context&, cl_command_queue_properties, cl_int*)’:
/home/jaroscrl/workspace/OpenCLExercise1_Basics/lib/OpenCL/cl-patched.hpp:5157:21: warning: ‘_cl_command_queue* clCreateCommandQueue(cl_context, cl_device_id, cl_command_queue_properties, cl_int*)’ is deprecated [-Wdeprecated-declarations]
         object_ = ::clCreateCommandQueue(context(), devices[0](), properties, &error);
                     ^
In file included from /usr/include/CL/opencl.h:42:0,
                 from /home/jaroscrl/workspace/OpenCLExercise1_Basics/lib/OpenCL/cl-patched.hpp:187,
                 from ../lib/OpenCL/Event.hpp:28,
                 from ../lib/OpenCL/Event.cpp:23:
/usr/include/CL/cl.h:1359:1: note: declared here
 clCreateCommandQueue(cl_context                     /* context */,
 ^
In file included from ../lib/OpenCL/Event.hpp:28:0,
                 from ../lib/OpenCL/Event.cpp:23:
/home/jaroscrl/workspace/OpenCLExercise1_Basics/lib/OpenCL/cl-patched.hpp:5157:21: warning: ‘_cl_command_queue* clCreateCommandQueue(cl_context, cl_device_id, cl_command_queue_properties, cl_int*)’ is deprecated [-Wdeprecated-declarations]
         object_ = ::clCreateCommandQueue(context(), devices[0](), properties, &error);
                     ^
In file included from /usr/include/CL/opencl.h:42:0,
                 from /home/jaroscrl/workspace/OpenCLExercise1_Basics/lib/OpenCL/cl-patched.hpp:187,
                 from ../lib/OpenCL/Event.hpp:28,
                 from ../lib/OpenCL/Event.cpp:23:
/usr/include/CL/cl.h:1359:1: note: declared here
 clCreateCommandQueue(cl_context                     /* context */,
 ^
In file included from ../lib/OpenCL/Event.hpp:28:0,
                 from ../lib/OpenCL/Event.cpp:23:
/home/jaroscrl/workspace/OpenCLExercise1_Basics/lib/OpenCL/cl-patched.hpp:5157:85: warning: ‘_cl_command_queue* clCreateCommandQueue(cl_context, cl_device_id, cl_command_queue_properties, cl_int*)’ is deprecated [-Wdeprecated-declarations]
         object_ = ::clCreateCommandQueue(context(), devices[0](), properties, &error);
                                                                                     ^
In file included from /usr/include/CL/opencl.h:42:0,
                 from /home/jaroscrl/workspace/OpenCLExercise1_Basics/lib/OpenCL/cl-patched.hpp:187,
                 from ../lib/OpenCL/Event.hpp:28,
                 from ../lib/OpenCL/Event.cpp:23:
/usr/include/CL/cl.h:1359:1: note: declared here
 clCreateCommandQueue(cl_context                     /* context */,
 ^
In file included from ../lib/OpenCL/Event.hpp:28:0,
                 from ../lib/OpenCL/Event.cpp:23:
/home/jaroscrl/workspace/OpenCLExercise1_Basics/lib/OpenCL/cl-patched.hpp: In constructor ‘cl::CommandQueue::CommandQueue(const cl::Context&, const cl::Device&, cl_command_queue_properties, cl_int*)’:
/home/jaroscrl/workspace/OpenCLExercise1_Basics/lib/OpenCL/cl-patched.hpp:5174:21: warning: ‘_cl_command_queue* clCreateCommandQueue(cl_context, cl_device_id, cl_command_queue_properties, cl_int*)’ is deprecated [-Wdeprecated-declarations]
         object_ = ::clCreateCommandQueue(
                     ^
In file included from /usr/include/CL/opencl.h:42:0,
                 from /home/jaroscrl/workspace/OpenCLExercise1_Basics/lib/OpenCL/cl-patched.hpp:187,
                 from ../lib/OpenCL/Event.hpp:28,
                 from ../lib/OpenCL/Event.cpp:23:
/usr/include/CL/cl.h:1359:1: note: declared here
 clCreateCommandQueue(cl_context                     /* context */,
 ^
In file included from ../lib/OpenCL/Event.hpp:28:0,
                 from ../lib/OpenCL/Event.cpp:23:
/home/jaroscrl/workspace/OpenCLExercise1_Basics/lib/OpenCL/cl-patched.hpp:5174:21: warning: ‘_cl_command_queue* clCreateCommandQueue(cl_context, cl_device_id, cl_command_queue_properties, cl_int*)’ is deprecated [-Wdeprecated-declarations]
         object_ = ::clCreateCommandQueue(
                     ^
In file included from /usr/include/CL/opencl.h:42:0,
                 from /home/jaroscrl/workspace/OpenCLExercise1_Basics/lib/OpenCL/cl-patched.hpp:187,
                 from ../lib/OpenCL/Event.hpp:28,
                 from ../lib/OpenCL/Event.cpp:23:
/usr/include/CL/cl.h:1359:1: note: declared here
 clCreateCommandQueue(cl_context                     /* context */,
 ^
In file included from ../lib/OpenCL/Event.hpp:28:0,
                 from ../lib/OpenCL/Event.cpp:23:
/home/jaroscrl/workspace/OpenCLExercise1_Basics/lib/OpenCL/cl-patched.hpp:5175:52: warning: ‘_cl_command_queue* clCreateCommandQueue(cl_context, cl_device_id, cl_command_queue_properties, cl_int*)’ is deprecated [-Wdeprecated-declarations]
             context(), device(), properties, &error);
                                                    ^
In file included from /usr/include/CL/opencl.h:42:0,
                 from /home/jaroscrl/workspace/OpenCLExercise1_Basics/lib/OpenCL/cl-patched.hpp:187,
                 from ../lib/OpenCL/Event.hpp:28,
                 from ../lib/OpenCL/Event.cpp:23:
/usr/include/CL/cl.h:1359:1: note: declared here
 clCreateCommandQueue(cl_context                     /* context */,
 ^
In file included from ../lib/OpenCL/Event.hpp:28:0,
                 from ../lib/OpenCL/Event.cpp:23:
/home/jaroscrl/workspace/OpenCLExercise1_Basics/lib/OpenCL/cl-patched.hpp: In member function ‘cl_int cl::CommandQueue::enqueueTask(const cl::Kernel&, const std::vector<cl::Event>*, cl::Event*) const’:
/home/jaroscrl/workspace/OpenCLExercise1_Basics/lib/OpenCL/cl-patched.hpp:5951:15: warning: ‘cl_int clEnqueueTask(cl_command_queue, cl_kernel, cl_uint, _cl_event* const*, _cl_event**)’ is deprecated [-Wdeprecated-declarations]
             ::clEnqueueTask(
               ^
In file included from /usr/include/CL/opencl.h:42:0,
                 from /home/jaroscrl/workspace/OpenCLExercise1_Basics/lib/OpenCL/cl-patched.hpp:187,
                 from ../lib/OpenCL/Event.hpp:28,
                 from ../lib/OpenCL/Event.cpp:23:
/usr/include/CL/cl.h:1373:1: note: declared here
 clEnqueueTask(cl_command_queue  /* command_queue */,
 ^
In file included from ../lib/OpenCL/Event.hpp:28:0,
                 from ../lib/OpenCL/Event.cpp:23:
/home/jaroscrl/workspace/OpenCLExercise1_Basics/lib/OpenCL/cl-patched.hpp:5951:15: warning: ‘cl_int clEnqueueTask(cl_command_queue, cl_kernel, cl_uint, _cl_event* const*, _cl_event**)’ is deprecated [-Wdeprecated-declarations]
             ::clEnqueueTask(
               ^
In file included from /usr/include/CL/opencl.h:42:0,
                 from /home/jaroscrl/workspace/OpenCLExercise1_Basics/lib/OpenCL/cl-patched.hpp:187,
                 from ../lib/OpenCL/Event.hpp:28,
                 from ../lib/OpenCL/Event.cpp:23:
/usr/include/CL/cl.h:1373:1: note: declared here
 clEnqueueTask(cl_command_queue  /* command_queue */,
 ^
In file included from ../lib/OpenCL/Event.hpp:28:0,
                 from ../lib/OpenCL/Event.cpp:23:
/home/jaroscrl/workspace/OpenCLExercise1_Basics/lib/OpenCL/cl-patched.hpp:5955:46: warning: ‘cl_int clEnqueueTask(cl_command_queue, cl_kernel, cl_uint, _cl_event* const*, _cl_event**)’ is deprecated [-Wdeprecated-declarations]
                 (event != NULL) ? &tmp : NULL),
                                              ^
In file included from /usr/include/CL/opencl.h:42:0,
                 from /home/jaroscrl/workspace/OpenCLExercise1_Basics/lib/OpenCL/cl-patched.hpp:187,
                 from ../lib/OpenCL/Event.hpp:28,
                 from ../lib/OpenCL/Event.cpp:23:
/usr/include/CL/cl.h:1373:1: note: declared here
 clEnqueueTask(cl_command_queue  /* command_queue */,
 ^
Finished building: ../lib/OpenCL/Event.cpp
 
Building file: ../lib/OpenCL/GetError.cpp
Invoking: GCC C++ Compiler
g++ -DOMPI_SKIP_MPICXX -DCL_USE_DEPRECATED_OPENCL_1_1_APIS -I"/home/jaroscrl/workspace/OpenCLExercise1_Basics/lib" -I/usr/include/mpi -O0 -g3 -Wall -c -fmessage-length=0 -MMD -MP -MF"lib/OpenCL/GetError.d" -MT"lib/OpenCL/GetError.d" -o "lib/OpenCL/GetError.o" "../lib/OpenCL/GetError.cpp"
In file included from ../lib/OpenCL/GetError.hpp:28:0,
                 from ../lib/OpenCL/GetError.cpp:23:
/home/jaroscrl/workspace/OpenCLExercise1_Basics/lib/OpenCL/cl-patched.hpp: In constructor ‘cl::Sampler::Sampler(const cl::Context&, cl_bool, cl_addressing_mode, cl_filter_mode, cl_int*)’:
/home/jaroscrl/workspace/OpenCLExercise1_Basics/lib/OpenCL/cl-patched.hpp:4316:21: warning: ‘_cl_sampler* clCreateSampler(cl_context, cl_bool, cl_addressing_mode, cl_filter_mode, cl_int*)’ is deprecated [-Wdeprecated-declarations]
         object_ = ::clCreateSampler(
                     ^
In file included from /usr/include/CL/opencl.h:42:0,
                 from /home/jaroscrl/workspace/OpenCLExercise1_Basics/lib/OpenCL/cl-patched.hpp:187,
                 from ../lib/OpenCL/GetError.hpp:28,
                 from ../lib/OpenCL/GetError.cpp:23:
/usr/include/CL/cl.h:1366:1: note: declared here
 clCreateSampler(cl_context          /* context */,
 ^
In file included from ../lib/OpenCL/GetError.hpp:28:0,
                 from ../lib/OpenCL/GetError.cpp:23:
/home/jaroscrl/workspace/OpenCLExercise1_Basics/lib/OpenCL/cl-patched.hpp:4316:21: warning: ‘_cl_sampler* clCreateSampler(cl_context, cl_bool, cl_addressing_mode, cl_filter_mode, cl_int*)’ is deprecated [-Wdeprecated-declarations]
         object_ = ::clCreateSampler(
                     ^
In file included from /usr/include/CL/opencl.h:42:0,
                 from /home/jaroscrl/workspace/OpenCLExercise1_Basics/lib/OpenCL/cl-patched.hpp:187,
                 from ../lib/OpenCL/GetError.hpp:28,
                 from ../lib/OpenCL/GetError.cpp:23:
/usr/include/CL/cl.h:1366:1: note: declared here
 clCreateSampler(cl_context          /* context */,
 ^
In file included from ../lib/OpenCL/GetError.hpp:28:0,
                 from ../lib/OpenCL/GetError.cpp:23:
/home/jaroscrl/workspace/OpenCLExercise1_Basics/lib/OpenCL/cl-patched.hpp:4321:19: warning: ‘_cl_sampler* clCreateSampler(cl_context, cl_bool, cl_addressing_mode, cl_filter_mode, cl_int*)’ is deprecated [-Wdeprecated-declarations]
             &error);
                   ^
In file included from /usr/include/CL/opencl.h:42:0,
                 from /home/jaroscrl/workspace/OpenCLExercise1_Basics/lib/OpenCL/cl-patched.hpp:187,
                 from ../lib/OpenCL/GetError.hpp:28,
                 from ../lib/OpenCL/GetError.cpp:23:
/usr/include/CL/cl.h:1366:1: note: declared here
 clCreateSampler(cl_context          /* context */,
 ^
In file included from ../lib/OpenCL/GetError.hpp:28:0,
                 from ../lib/OpenCL/GetError.cpp:23:
/home/jaroscrl/workspace/OpenCLExercise1_Basics/lib/OpenCL/cl-patched.hpp: In constructor ‘cl::CommandQueue::CommandQueue(cl_command_queue_properties, cl_int*)’:
/home/jaroscrl/workspace/OpenCLExercise1_Basics/lib/OpenCL/cl-patched.hpp:5126:25: warning: ‘_cl_command_queue* clCreateCommandQueue(cl_context, cl_device_id, cl_command_queue_properties, cl_int*)’ is deprecated [-Wdeprecated-declarations]
             object_ = ::clCreateCommandQueue(
                         ^
In file included from /usr/include/CL/opencl.h:42:0,
                 from /home/jaroscrl/workspace/OpenCLExercise1_Basics/lib/OpenCL/cl-patched.hpp:187,
                 from ../lib/OpenCL/GetError.hpp:28,
                 from ../lib/OpenCL/GetError.cpp:23:
/usr/include/CL/cl.h:1359:1: note: declared here
 clCreateCommandQueue(cl_context                     /* context */,
 ^
In file included from ../lib/OpenCL/GetError.hpp:28:0,
                 from ../lib/OpenCL/GetError.cpp:23:
/home/jaroscrl/workspace/OpenCLExercise1_Basics/lib/OpenCL/cl-patched.hpp:5126:25: warning: ‘_cl_command_queue* clCreateCommandQueue(cl_context, cl_device_id, cl_command_queue_properties, cl_int*)’ is deprecated [-Wdeprecated-declarations]
             object_ = ::clCreateCommandQueue(
                         ^
In file included from /usr/include/CL/opencl.h:42:0,
                 from /home/jaroscrl/workspace/OpenCLExercise1_Basics/lib/OpenCL/cl-patched.hpp:187,
                 from ../lib/OpenCL/GetError.hpp:28,
                 from ../lib/OpenCL/GetError.cpp:23:
/usr/include/CL/cl.h:1359:1: note: declared here
 clCreateCommandQueue(cl_context                     /* context */,
 ^
In file included from ../lib/OpenCL/GetError.hpp:28:0,
                 from ../lib/OpenCL/GetError.cpp:23:
/home/jaroscrl/workspace/OpenCLExercise1_Basics/lib/OpenCL/cl-patched.hpp:5127:56: warning: ‘_cl_command_queue* clCreateCommandQueue(cl_context, cl_device_id, cl_command_queue_properties, cl_int*)’ is deprecated [-Wdeprecated-declarations]
                 context(), device(), properties, &error);
                                                        ^
In file included from /usr/include/CL/opencl.h:42:0,
                 from /home/jaroscrl/workspace/OpenCLExercise1_Basics/lib/OpenCL/cl-patched.hpp:187,
                 from ../lib/OpenCL/GetError.hpp:28,
                 from ../lib/OpenCL/GetError.cpp:23:
/usr/include/CL/cl.h:1359:1: note: declared here
 clCreateCommandQueue(cl_context                     /* context */,
 ^
In file included from ../lib/OpenCL/GetError.hpp:28:0,
                 from ../lib/OpenCL/GetError.cpp:23:
/home/jaroscrl/workspace/OpenCLExercise1_Basics/lib/OpenCL/cl-patched.hpp: In constructor ‘cl::CommandQueue::CommandQueue(const cl::Context&, cl_command_queue_properties, cl_int*)’:
/home/jaroscrl/workspace/OpenCLExercise1_Basics/lib/OpenCL/cl-patched.hpp:5157:21: warning: ‘_cl_command_queue* clCreateCommandQueue(cl_context, cl_device_id, cl_command_queue_properties, cl_int*)’ is deprecated [-Wdeprecated-declarations]
         object_ = ::clCreateCommandQueue(context(), devices[0](), properties, &error);
                     ^
In file included from /usr/include/CL/opencl.h:42:0,
                 from /home/jaroscrl/workspace/OpenCLExercise1_Basics/lib/OpenCL/cl-patched.hpp:187,
                 from ../lib/OpenCL/GetError.hpp:28,
                 from ../lib/OpenCL/GetError.cpp:23:
/usr/include/CL/cl.h:1359:1: note: declared here
 clCreateCommandQueue(cl_context                     /* context */,
 ^
In file included from ../lib/OpenCL/GetError.hpp:28:0,
                 from ../lib/OpenCL/GetError.cpp:23:
/home/jaroscrl/workspace/OpenCLExercise1_Basics/lib/OpenCL/cl-patched.hpp:5157:21: warning: ‘_cl_command_queue* clCreateCommandQueue(cl_context, cl_device_id, cl_command_queue_properties, cl_int*)’ is deprecated [-Wdeprecated-declarations]
         object_ = ::clCreateCommandQueue(context(), devices[0](), properties, &error);
                     ^
In file included from /usr/include/CL/opencl.h:42:0,
                 from /home/jaroscrl/workspace/OpenCLExercise1_Basics/lib/OpenCL/cl-patched.hpp:187,
                 from ../lib/OpenCL/GetError.hpp:28,
                 from ../lib/OpenCL/GetError.cpp:23:
/usr/include/CL/cl.h:1359:1: note: declared here
 clCreateCommandQueue(cl_context                     /* context */,
 ^
In file included from ../lib/OpenCL/GetError.hpp:28:0,
                 from ../lib/OpenCL/GetError.cpp:23:
/home/jaroscrl/workspace/OpenCLExercise1_Basics/lib/OpenCL/cl-patched.hpp:5157:85: warning: ‘_cl_command_queue* clCreateCommandQueue(cl_context, cl_device_id, cl_command_queue_properties, cl_int*)’ is deprecated [-Wdeprecated-declarations]
         object_ = ::clCreateCommandQueue(context(), devices[0](), properties, &error);
                                                                                     ^
In file included from /usr/include/CL/opencl.h:42:0,
                 from /home/jaroscrl/workspace/OpenCLExercise1_Basics/lib/OpenCL/cl-patched.hpp:187,
                 from ../lib/OpenCL/GetError.hpp:28,
                 from ../lib/OpenCL/GetError.cpp:23:
/usr/include/CL/cl.h:1359:1: note: declared here
 clCreateCommandQueue(cl_context                     /* context */,
 ^
In file included from ../lib/OpenCL/GetError.hpp:28:0,
                 from ../lib/OpenCL/GetError.cpp:23:
/home/jaroscrl/workspace/OpenCLExercise1_Basics/lib/OpenCL/cl-patched.hpp: In constructor ‘cl::CommandQueue::CommandQueue(const cl::Context&, const cl::Device&, cl_command_queue_properties, cl_int*)’:
/home/jaroscrl/workspace/OpenCLExercise1_Basics/lib/OpenCL/cl-patched.hpp:5174:21: warning: ‘_cl_command_queue* clCreateCommandQueue(cl_context, cl_device_id, cl_command_queue_properties, cl_int*)’ is deprecated [-Wdeprecated-declarations]
         object_ = ::clCreateCommandQueue(
                     ^
In file included from /usr/include/CL/opencl.h:42:0,
                 from /home/jaroscrl/workspace/OpenCLExercise1_Basics/lib/OpenCL/cl-patched.hpp:187,
                 from ../lib/OpenCL/GetError.hpp:28,
                 from ../lib/OpenCL/GetError.cpp:23:
/usr/include/CL/cl.h:1359:1: note: declared here
 clCreateCommandQueue(cl_context                     /* context */,
 ^
In file included from ../lib/OpenCL/GetError.hpp:28:0,
                 from ../lib/OpenCL/GetError.cpp:23:
/home/jaroscrl/workspace/OpenCLExercise1_Basics/lib/OpenCL/cl-patched.hpp:5174:21: warning: ‘_cl_command_queue* clCreateCommandQueue(cl_context, cl_device_id, cl_command_queue_properties, cl_int*)’ is deprecated [-Wdeprecated-declarations]
         object_ = ::clCreateCommandQueue(
                     ^
In file included from /usr/include/CL/opencl.h:42:0,
                 from /home/jaroscrl/workspace/OpenCLExercise1_Basics/lib/OpenCL/cl-patched.hpp:187,
                 from ../lib/OpenCL/GetError.hpp:28,
                 from ../lib/OpenCL/GetError.cpp:23:
/usr/include/CL/cl.h:1359:1: note: declared here
 clCreateCommandQueue(cl_context                     /* context */,
 ^
In file included from ../lib/OpenCL/GetError.hpp:28:0,
                 from ../lib/OpenCL/GetError.cpp:23:
/home/jaroscrl/workspace/OpenCLExercise1_Basics/lib/OpenCL/cl-patched.hpp:5175:52: warning: ‘_cl_command_queue* clCreateCommandQueue(cl_context, cl_device_id, cl_command_queue_properties, cl_int*)’ is deprecated [-Wdeprecated-declarations]
             context(), device(), properties, &error);
                                                    ^
In file included from /usr/include/CL/opencl.h:42:0,
                 from /home/jaroscrl/workspace/OpenCLExercise1_Basics/lib/OpenCL/cl-patched.hpp:187,
                 from ../lib/OpenCL/GetError.hpp:28,
                 from ../lib/OpenCL/GetError.cpp:23:
/usr/include/CL/cl.h:1359:1: note: declared here
 clCreateCommandQueue(cl_context                     /* context */,
 ^
In file included from ../lib/OpenCL/GetError.hpp:28:0,
                 from ../lib/OpenCL/GetError.cpp:23:
/home/jaroscrl/workspace/OpenCLExercise1_Basics/lib/OpenCL/cl-patched.hpp: In member function ‘cl_int cl::CommandQueue::enqueueTask(const cl::Kernel&, const std::vector<cl::Event>*, cl::Event*) const’:
/home/jaroscrl/workspace/OpenCLExercise1_Basics/lib/OpenCL/cl-patched.hpp:5951:15: warning: ‘cl_int clEnqueueTask(cl_command_queue, cl_kernel, cl_uint, _cl_event* const*, _cl_event**)’ is deprecated [-Wdeprecated-declarations]
             ::clEnqueueTask(
               ^
In file included from /usr/include/CL/opencl.h:42:0,
                 from /home/jaroscrl/workspace/OpenCLExercise1_Basics/lib/OpenCL/cl-patched.hpp:187,
                 from ../lib/OpenCL/GetError.hpp:28,
                 from ../lib/OpenCL/GetError.cpp:23:
/usr/include/CL/cl.h:1373:1: note: declared here
 clEnqueueTask(cl_command_queue  /* command_queue */,
 ^
In file included from ../lib/OpenCL/GetError.hpp:28:0,
                 from ../lib/OpenCL/GetError.cpp:23:
/home/jaroscrl/workspace/OpenCLExercise1_Basics/lib/OpenCL/cl-patched.hpp:5951:15: warning: ‘cl_int clEnqueueTask(cl_command_queue, cl_kernel, cl_uint, _cl_event* const*, _cl_event**)’ is deprecated [-Wdeprecated-declarations]
             ::clEnqueueTask(
               ^
In file included from /usr/include/CL/opencl.h:42:0,
                 from /home/jaroscrl/workspace/OpenCLExercise1_Basics/lib/OpenCL/cl-patched.hpp:187,
                 from ../lib/OpenCL/GetError.hpp:28,
                 from ../lib/OpenCL/GetError.cpp:23:
/usr/include/CL/cl.h:1373:1: note: declared here
 clEnqueueTask(cl_command_queue  /* command_queue */,
 ^
In file included from ../lib/OpenCL/GetError.hpp:28:0,
                 from ../lib/OpenCL/GetError.cpp:23:
/home/jaroscrl/workspace/OpenCLExercise1_Basics/lib/OpenCL/cl-patched.hpp:5955:46: warning: ‘cl_int clEnqueueTask(cl_command_queue, cl_kernel, cl_uint, _cl_event* const*, _cl_event**)’ is deprecated [-Wdeprecated-declarations]
                 (event != NULL) ? &tmp : NULL),
                                              ^
In file included from /usr/include/CL/opencl.h:42:0,
                 from /home/jaroscrl/workspace/OpenCLExercise1_Basics/lib/OpenCL/cl-patched.hpp:187,
                 from ../lib/OpenCL/GetError.hpp:28,
                 from ../lib/OpenCL/GetError.cpp:23:
/usr/include/CL/cl.h:1373:1: note: declared here
 clEnqueueTask(cl_command_queue  /* command_queue */,
 ^
Finished building: ../lib/OpenCL/GetError.cpp
 
Building file: ../lib/OpenCL/Program.cpp
Invoking: GCC C++ Compiler
g++ -DOMPI_SKIP_MPICXX -DCL_USE_DEPRECATED_OPENCL_1_1_APIS -I"/home/jaroscrl/workspace/OpenCLExercise1_Basics/lib" -I/usr/include/mpi -O0 -g3 -Wall -c -fmessage-length=0 -MMD -MP -MF"lib/OpenCL/Program.d" -MT"lib/OpenCL/Program.d" -o "lib/OpenCL/Program.o" "../lib/OpenCL/Program.cpp"
In file included from /home/jaroscrl/workspace/OpenCLExercise1_Basics/lib/OpenCL/Error.hpp:31:0,
                 from ../lib/OpenCL/Program.hpp:28,
                 from ../lib/OpenCL/Program.cpp:23:
/home/jaroscrl/workspace/OpenCLExercise1_Basics/lib/OpenCL/cl-patched.hpp: In constructor ‘cl::Sampler::Sampler(const cl::Context&, cl_bool, cl_addressing_mode, cl_filter_mode, cl_int*)’:
/home/jaroscrl/workspace/OpenCLExercise1_Basics/lib/OpenCL/cl-patched.hpp:4316:21: warning: ‘_cl_sampler* clCreateSampler(cl_context, cl_bool, cl_addressing_mode, cl_filter_mode, cl_int*)’ is deprecated [-Wdeprecated-declarations]
         object_ = ::clCreateSampler(
                     ^
In file included from /usr/include/CL/opencl.h:42:0,
                 from /home/jaroscrl/workspace/OpenCLExercise1_Basics/lib/OpenCL/cl-patched.hpp:187,
                 from /home/jaroscrl/workspace/OpenCLExercise1_Basics/lib/OpenCL/Error.hpp:31,
                 from ../lib/OpenCL/Program.hpp:28,
                 from ../lib/OpenCL/Program.cpp:23:
/usr/include/CL/cl.h:1366:1: note: declared here
 clCreateSampler(cl_context          /* context */,
 ^
In file included from /home/jaroscrl/workspace/OpenCLExercise1_Basics/lib/OpenCL/Error.hpp:31:0,
                 from ../lib/OpenCL/Program.hpp:28,
                 from ../lib/OpenCL/Program.cpp:23:
/home/jaroscrl/workspace/OpenCLExercise1_Basics/lib/OpenCL/cl-patched.hpp:4316:21: warning: ‘_cl_sampler* clCreateSampler(cl_context, cl_bool, cl_addressing_mode, cl_filter_mode, cl_int*)’ is deprecated [-Wdeprecated-declarations]
         object_ = ::clCreateSampler(
                     ^
In file included from /usr/include/CL/opencl.h:42:0,
                 from /home/jaroscrl/workspace/OpenCLExercise1_Basics/lib/OpenCL/cl-patched.hpp:187,
                 from /home/jaroscrl/workspace/OpenCLExercise1_Basics/lib/OpenCL/Error.hpp:31,
                 from ../lib/OpenCL/Program.hpp:28,
                 from ../lib/OpenCL/Program.cpp:23:
/usr/include/CL/cl.h:1366:1: note: declared here
 clCreateSampler(cl_context          /* context */,
 ^
In file included from /home/jaroscrl/workspace/OpenCLExercise1_Basics/lib/OpenCL/Error.hpp:31:0,
                 from ../lib/OpenCL/Program.hpp:28,
                 from ../lib/OpenCL/Program.cpp:23:
/home/jaroscrl/workspace/OpenCLExercise1_Basics/lib/OpenCL/cl-patched.hpp:4321:19: warning: ‘_cl_sampler* clCreateSampler(cl_context, cl_bool, cl_addressing_mode, cl_filter_mode, cl_int*)’ is deprecated [-Wdeprecated-declarations]
             &error);
                   ^
In file included from /usr/include/CL/opencl.h:42:0,
                 from /home/jaroscrl/workspace/OpenCLExercise1_Basics/lib/OpenCL/cl-patched.hpp:187,
                 from /home/jaroscrl/workspace/OpenCLExercise1_Basics/lib/OpenCL/Error.hpp:31,
                 from ../lib/OpenCL/Program.hpp:28,
                 from ../lib/OpenCL/Program.cpp:23:
/usr/include/CL/cl.h:1366:1: note: declared here
 clCreateSampler(cl_context          /* context */,
 ^
In file included from /home/jaroscrl/workspace/OpenCLExercise1_Basics/lib/OpenCL/Error.hpp:31:0,
                 from ../lib/OpenCL/Program.hpp:28,
                 from ../lib/OpenCL/Program.cpp:23:
/home/jaroscrl/workspace/OpenCLExercise1_Basics/lib/OpenCL/cl-patched.hpp: In constructor ‘cl::CommandQueue::CommandQueue(cl_command_queue_properties, cl_int*)’:
/home/jaroscrl/workspace/OpenCLExercise1_Basics/lib/OpenCL/cl-patched.hpp:5126:25: warning: ‘_cl_command_queue* clCreateCommandQueue(cl_context, cl_device_id, cl_command_queue_properties, cl_int*)’ is deprecated [-Wdeprecated-declarations]
             object_ = ::clCreateCommandQueue(
                         ^
In file included from /usr/include/CL/opencl.h:42:0,
                 from /home/jaroscrl/workspace/OpenCLExercise1_Basics/lib/OpenCL/cl-patched.hpp:187,
                 from /home/jaroscrl/workspace/OpenCLExercise1_Basics/lib/OpenCL/Error.hpp:31,
                 from ../lib/OpenCL/Program.hpp:28,
                 from ../lib/OpenCL/Program.cpp:23:
/usr/include/CL/cl.h:1359:1: note: declared here
 clCreateCommandQueue(cl_context                     /* context */,
 ^
In file included from /home/jaroscrl/workspace/OpenCLExercise1_Basics/lib/OpenCL/Error.hpp:31:0,
                 from ../lib/OpenCL/Program.hpp:28,
                 from ../lib/OpenCL/Program.cpp:23:
/home/jaroscrl/workspace/OpenCLExercise1_Basics/lib/OpenCL/cl-patched.hpp:5126:25: warning: ‘_cl_command_queue* clCreateCommandQueue(cl_context, cl_device_id, cl_command_queue_properties, cl_int*)’ is deprecated [-Wdeprecated-declarations]
             object_ = ::clCreateCommandQueue(
                         ^
In file included from /usr/include/CL/opencl.h:42:0,
                 from /home/jaroscrl/workspace/OpenCLExercise1_Basics/lib/OpenCL/cl-patched.hpp:187,
                 from /home/jaroscrl/workspace/OpenCLExercise1_Basics/lib/OpenCL/Error.hpp:31,
                 from ../lib/OpenCL/Program.hpp:28,
                 from ../lib/OpenCL/Program.cpp:23:
/usr/include/CL/cl.h:1359:1: note: declared here
 clCreateCommandQueue(cl_context                     /* context */,
 ^
In file included from /home/jaroscrl/workspace/OpenCLExercise1_Basics/lib/OpenCL/Error.hpp:31:0,
                 from ../lib/OpenCL/Program.hpp:28,
                 from ../lib/OpenCL/Program.cpp:23:
/home/jaroscrl/workspace/OpenCLExercise1_Basics/lib/OpenCL/cl-patched.hpp:5127:56: warning: ‘_cl_command_queue* clCreateCommandQueue(cl_context, cl_device_id, cl_command_queue_properties, cl_int*)’ is deprecated [-Wdeprecated-declarations]
                 context(), device(), properties, &error);
                                                        ^
In file included from /usr/include/CL/opencl.h:42:0,
                 from /home/jaroscrl/workspace/OpenCLExercise1_Basics/lib/OpenCL/cl-patched.hpp:187,
                 from /home/jaroscrl/workspace/OpenCLExercise1_Basics/lib/OpenCL/Error.hpp:31,
                 from ../lib/OpenCL/Program.hpp:28,
                 from ../lib/OpenCL/Program.cpp:23:
/usr/include/CL/cl.h:1359:1: note: declared here
 clCreateCommandQueue(cl_context                     /* context */,
 ^
In file included from /home/jaroscrl/workspace/OpenCLExercise1_Basics/lib/OpenCL/Error.hpp:31:0,
                 from ../lib/OpenCL/Program.hpp:28,
                 from ../lib/OpenCL/Program.cpp:23:
/home/jaroscrl/workspace/OpenCLExercise1_Basics/lib/OpenCL/cl-patched.hpp: In constructor ‘cl::CommandQueue::CommandQueue(const cl::Context&, cl_command_queue_properties, cl_int*)’:
/home/jaroscrl/workspace/OpenCLExercise1_Basics/lib/OpenCL/cl-patched.hpp:5157:21: warning: ‘_cl_command_queue* clCreateCommandQueue(cl_context, cl_device_id, cl_command_queue_properties, cl_int*)’ is deprecated [-Wdeprecated-declarations]
         object_ = ::clCreateCommandQueue(context(), devices[0](), properties, &error);
                     ^
In file included from /usr/include/CL/opencl.h:42:0,
                 from /home/jaroscrl/workspace/OpenCLExercise1_Basics/lib/OpenCL/cl-patched.hpp:187,
                 from /home/jaroscrl/workspace/OpenCLExercise1_Basics/lib/OpenCL/Error.hpp:31,
                 from ../lib/OpenCL/Program.hpp:28,
                 from ../lib/OpenCL/Program.cpp:23:
/usr/include/CL/cl.h:1359:1: note: declared here
 clCreateCommandQueue(cl_context                     /* context */,
 ^
In file included from /home/jaroscrl/workspace/OpenCLExercise1_Basics/lib/OpenCL/Error.hpp:31:0,
                 from ../lib/OpenCL/Program.hpp:28,
                 from ../lib/OpenCL/Program.cpp:23:
/home/jaroscrl/workspace/OpenCLExercise1_Basics/lib/OpenCL/cl-patched.hpp:5157:21: warning: ‘_cl_command_queue* clCreateCommandQueue(cl_context, cl_device_id, cl_command_queue_properties, cl_int*)’ is deprecated [-Wdeprecated-declarations]
         object_ = ::clCreateCommandQueue(context(), devices[0](), properties, &error);
                     ^
In file included from /usr/include/CL/opencl.h:42:0,
                 from /home/jaroscrl/workspace/OpenCLExercise1_Basics/lib/OpenCL/cl-patched.hpp:187,
                 from /home/jaroscrl/workspace/OpenCLExercise1_Basics/lib/OpenCL/Error.hpp:31,
                 from ../lib/OpenCL/Program.hpp:28,
                 from ../lib/OpenCL/Program.cpp:23:
/usr/include/CL/cl.h:1359:1: note: declared here
 clCreateCommandQueue(cl_context                     /* context */,
 ^
In file included from /home/jaroscrl/workspace/OpenCLExercise1_Basics/lib/OpenCL/Error.hpp:31:0,
                 from ../lib/OpenCL/Program.hpp:28,
                 from ../lib/OpenCL/Program.cpp:23:
/home/jaroscrl/workspace/OpenCLExercise1_Basics/lib/OpenCL/cl-patched.hpp:5157:85: warning: ‘_cl_command_queue* clCreateCommandQueue(cl_context, cl_device_id, cl_command_queue_properties, cl_int*)’ is deprecated [-Wdeprecated-declarations]
         object_ = ::clCreateCommandQueue(context(), devices[0](), properties, &error);
                                                                                     ^
In file included from /usr/include/CL/opencl.h:42:0,
                 from /home/jaroscrl/workspace/OpenCLExercise1_Basics/lib/OpenCL/cl-patched.hpp:187,
                 from /home/jaroscrl/workspace/OpenCLExercise1_Basics/lib/OpenCL/Error.hpp:31,
                 from ../lib/OpenCL/Program.hpp:28,
                 from ../lib/OpenCL/Program.cpp:23:
/usr/include/CL/cl.h:1359:1: note: declared here
 clCreateCommandQueue(cl_context                     /* context */,
 ^
In file included from /home/jaroscrl/workspace/OpenCLExercise1_Basics/lib/OpenCL/Error.hpp:31:0,
                 from ../lib/OpenCL/Program.hpp:28,
                 from ../lib/OpenCL/Program.cpp:23:
/home/jaroscrl/workspace/OpenCLExercise1_Basics/lib/OpenCL/cl-patched.hpp: In constructor ‘cl::CommandQueue::CommandQueue(const cl::Context&, const cl::Device&, cl_command_queue_properties, cl_int*)’:
/home/jaroscrl/workspace/OpenCLExercise1_Basics/lib/OpenCL/cl-patched.hpp:5174:21: warning: ‘_cl_command_queue* clCreateCommandQueue(cl_context, cl_device_id, cl_command_queue_properties, cl_int*)’ is deprecated [-Wdeprecated-declarations]
         object_ = ::clCreateCommandQueue(
                     ^
In file included from /usr/include/CL/opencl.h:42:0,
                 from /home/jaroscrl/workspace/OpenCLExercise1_Basics/lib/OpenCL/cl-patched.hpp:187,
                 from /home/jaroscrl/workspace/OpenCLExercise1_Basics/lib/OpenCL/Error.hpp:31,
                 from ../lib/OpenCL/Program.hpp:28,
                 from ../lib/OpenCL/Program.cpp:23:
/usr/include/CL/cl.h:1359:1: note: declared here
 clCreateCommandQueue(cl_context                     /* context */,
 ^
In file included from /home/jaroscrl/workspace/OpenCLExercise1_Basics/lib/OpenCL/Error.hpp:31:0,
                 from ../lib/OpenCL/Program.hpp:28,
                 from ../lib/OpenCL/Program.cpp:23:
/home/jaroscrl/workspace/OpenCLExercise1_Basics/lib/OpenCL/cl-patched.hpp:5174:21: warning: ‘_cl_command_queue* clCreateCommandQueue(cl_context, cl_device_id, cl_command_queue_properties, cl_int*)’ is deprecated [-Wdeprecated-declarations]
         object_ = ::clCreateCommandQueue(
                     ^
In file included from /usr/include/CL/opencl.h:42:0,
                 from /home/jaroscrl/workspace/OpenCLExercise1_Basics/lib/OpenCL/cl-patched.hpp:187,
                 from /home/jaroscrl/workspace/OpenCLExercise1_Basics/lib/OpenCL/Error.hpp:31,
                 from ../lib/OpenCL/Program.hpp:28,
                 from ../lib/OpenCL/Program.cpp:23:
/usr/include/CL/cl.h:1359:1: note: declared here
 clCreateCommandQueue(cl_context                     /* context */,
 ^
In file included from /home/jaroscrl/workspace/OpenCLExercise1_Basics/lib/OpenCL/Error.hpp:31:0,
                 from ../lib/OpenCL/Program.hpp:28,
                 from ../lib/OpenCL/Program.cpp:23:
/home/jaroscrl/workspace/OpenCLExercise1_Basics/lib/OpenCL/cl-patched.hpp:5175:52: warning: ‘_cl_command_queue* clCreateCommandQueue(cl_context, cl_device_id, cl_command_queue_properties, cl_int*)’ is deprecated [-Wdeprecated-declarations]
             context(), device(), properties, &error);
                                                    ^
In file included from /usr/include/CL/opencl.h:42:0,
                 from /home/jaroscrl/workspace/OpenCLExercise1_Basics/lib/OpenCL/cl-patched.hpp:187,
                 from /home/jaroscrl/workspace/OpenCLExercise1_Basics/lib/OpenCL/Error.hpp:31,
                 from ../lib/OpenCL/Program.hpp:28,
                 from ../lib/OpenCL/Program.cpp:23:
/usr/include/CL/cl.h:1359:1: note: declared here
 clCreateCommandQueue(cl_context                     /* context */,
 ^
In file included from /home/jaroscrl/workspace/OpenCLExercise1_Basics/lib/OpenCL/Error.hpp:31:0,
                 from ../lib/OpenCL/Program.hpp:28,
                 from ../lib/OpenCL/Program.cpp:23:
/home/jaroscrl/workspace/OpenCLExercise1_Basics/lib/OpenCL/cl-patched.hpp: In member function ‘cl_int cl::CommandQueue::enqueueTask(const cl::Kernel&, const std::vector<cl::Event>*, cl::Event*) const’:
/home/jaroscrl/workspace/OpenCLExercise1_Basics/lib/OpenCL/cl-patched.hpp:5951:15: warning: ‘cl_int clEnqueueTask(cl_command_queue, cl_kernel, cl_uint, _cl_event* const*, _cl_event**)’ is deprecated [-Wdeprecated-declarations]
             ::clEnqueueTask(
               ^
In file included from /usr/include/CL/opencl.h:42:0,
                 from /home/jaroscrl/workspace/OpenCLExercise1_Basics/lib/OpenCL/cl-patched.hpp:187,
                 from /home/jaroscrl/workspace/OpenCLExercise1_Basics/lib/OpenCL/Error.hpp:31,
                 from ../lib/OpenCL/Program.hpp:28,
                 from ../lib/OpenCL/Program.cpp:23:
/usr/include/CL/cl.h:1373:1: note: declared here
 clEnqueueTask(cl_command_queue  /* command_queue */,
 ^
In file included from /home/jaroscrl/workspace/OpenCLExercise1_Basics/lib/OpenCL/Error.hpp:31:0,
                 from ../lib/OpenCL/Program.hpp:28,
                 from ../lib/OpenCL/Program.cpp:23:
/home/jaroscrl/workspace/OpenCLExercise1_Basics/lib/OpenCL/cl-patched.hpp:5951:15: warning: ‘cl_int clEnqueueTask(cl_command_queue, cl_kernel, cl_uint, _cl_event* const*, _cl_event**)’ is deprecated [-Wdeprecated-declarations]
             ::clEnqueueTask(
               ^
In file included from /usr/include/CL/opencl.h:42:0,
                 from /home/jaroscrl/workspace/OpenCLExercise1_Basics/lib/OpenCL/cl-patched.hpp:187,
                 from /home/jaroscrl/workspace/OpenCLExercise1_Basics/lib/OpenCL/Error.hpp:31,
                 from ../lib/OpenCL/Program.hpp:28,
                 from ../lib/OpenCL/Program.cpp:23:
/usr/include/CL/cl.h:1373:1: note: declared here
 clEnqueueTask(cl_command_queue  /* command_queue */,
 ^
In file included from /home/jaroscrl/workspace/OpenCLExercise1_Basics/lib/OpenCL/Error.hpp:31:0,
                 from ../lib/OpenCL/Program.hpp:28,
                 from ../lib/OpenCL/Program.cpp:23:
/home/jaroscrl/workspace/OpenCLExercise1_Basics/lib/OpenCL/cl-patched.hpp:5955:46: warning: ‘cl_int clEnqueueTask(cl_command_queue, cl_kernel, cl_uint, _cl_event* const*, _cl_event**)’ is deprecated [-Wdeprecated-declarations]
                 (event != NULL) ? &tmp : NULL),
                                              ^
In file included from /usr/include/CL/opencl.h:42:0,
                 from /home/jaroscrl/workspace/OpenCLExercise1_Basics/lib/OpenCL/cl-patched.hpp:187,
                 from /home/jaroscrl/workspace/OpenCLExercise1_Basics/lib/OpenCL/Error.hpp:31,
                 from ../lib/OpenCL/Program.hpp:28,
                 from ../lib/OpenCL/Program.cpp:23:
/usr/include/CL/cl.h:1373:1: note: declared here
 clEnqueueTask(cl_command_queue  /* command_queue */,
 ^
Finished building: ../lib/OpenCL/Program.cpp
 
Building file: ../lib/Core/Assert.cpp
Invoking: GCC C++ Compiler
g++ -DOMPI_SKIP_MPICXX -DCL_USE_DEPRECATED_OPENCL_1_1_APIS -I"/home/jaroscrl/workspace/OpenCLExercise1_Basics/lib" -I/usr/include/mpi -O0 -g3 -Wall -c -fmessage-length=0 -MMD -MP -MF"lib/Core/Assert.d" -MT"lib/Core/Assert.d" -o "lib/Core/Assert.o" "../lib/Core/Assert.cpp"
Finished building: ../lib/Core/Assert.cpp
 
Building file: ../lib/Core/CheckedCast.cpp
Invoking: GCC C++ Compiler
g++ -DOMPI_SKIP_MPICXX -DCL_USE_DEPRECATED_OPENCL_1_1_APIS -I"/home/jaroscrl/workspace/OpenCLExercise1_Basics/lib" -I/usr/include/mpi -O0 -g3 -Wall -c -fmessage-length=0 -MMD -MP -MF"lib/Core/CheckedCast.d" -MT"lib/Core/CheckedCast.d" -o "lib/Core/CheckedCast.o" "../lib/Core/CheckedCast.cpp"
Finished building: ../lib/Core/CheckedCast.cpp
 
Building file: ../lib/Core/Error.cpp
Invoking: GCC C++ Compiler
g++ -DOMPI_SKIP_MPICXX -DCL_USE_DEPRECATED_OPENCL_1_1_APIS -I"/home/jaroscrl/workspace/OpenCLExercise1_Basics/lib" -I/usr/include/mpi -O0 -g3 -Wall -c -fmessage-length=0 -MMD -MP -MF"lib/Core/Error.d" -MT"lib/Core/Error.d" -o "lib/Core/Error.o" "../lib/Core/Error.cpp"
Finished building: ../lib/Core/Error.cpp
 
Building file: ../lib/Core/Exception.cpp
Invoking: GCC C++ Compiler
g++ -DOMPI_SKIP_MPICXX -DCL_USE_DEPRECATED_OPENCL_1_1_APIS -I"/home/jaroscrl/workspace/OpenCLExercise1_Basics/lib" -I/usr/include/mpi -O0 -g3 -Wall -c -fmessage-length=0 -MMD -MP -MF"lib/Core/Exception.d" -MT"lib/Core/Exception.d" -o "lib/Core/Exception.o" "../lib/Core/Exception.cpp"
Finished building: ../lib/Core/Exception.cpp
 
Building file: ../lib/Core/Image.cpp
Invoking: GCC C++ Compiler
g++ -DOMPI_SKIP_MPICXX -DCL_USE_DEPRECATED_OPENCL_1_1_APIS -I"/home/jaroscrl/workspace/OpenCLExercise1_Basics/lib" -I/usr/include/mpi -O0 -g3 -Wall -c -fmessage-length=0 -MMD -MP -MF"lib/Core/Image.d" -MT"lib/Core/Image.d" -o "lib/Core/Image.o" "../lib/Core/Image.cpp"
Finished building: ../lib/Core/Image.cpp
 
Building file: ../lib/Core/Memory.cpp
Invoking: GCC C++ Compiler
g++ -DOMPI_SKIP_MPICXX -DCL_USE_DEPRECATED_OPENCL_1_1_APIS -I"/home/jaroscrl/workspace/OpenCLExercise1_Basics/lib" -I/usr/include/mpi -O0 -g3 -Wall -c -fmessage-length=0 -MMD -MP -MF"lib/Core/Memory.d" -MT"lib/Core/Memory.d" -o "lib/Core/Memory.o" "../lib/Core/Memory.cpp"
Finished building: ../lib/Core/Memory.cpp
 
Building file: ../lib/Core/NumericException.cpp
Invoking: GCC C++ Compiler
g++ -DOMPI_SKIP_MPICXX -DCL_USE_DEPRECATED_OPENCL_1_1_APIS -I"/home/jaroscrl/workspace/OpenCLExercise1_Basics/lib" -I/usr/include/mpi -O0 -g3 -Wall -c -fmessage-length=0 -MMD -MP -MF"lib/Core/NumericException.d" -MT"lib/Core/NumericException.d" -o "lib/Core/NumericException.o" "../lib/Core/NumericException.cpp"
Finished building: ../lib/Core/NumericException.cpp
 
Building file: ../lib/Core/StrError.c
Invoking: GCC C Compiler
gcc -I"/home/jaroscrl/workspace/OpenCLExercise1_Basics/lib" -I/usr/include/mpi -O0 -g3 -Wall -c -fmessage-length=0 -DOMPI_SKIP_MPICXX -DCL_USE_DEPRECATED_OPENCL_1_1_APIS -MMD -MP -MF"lib/Core/StrError.d" -MT"lib/Core/StrError.d" -o "lib/Core/StrError.o" "../lib/Core/StrError.c"
Finished building: ../lib/Core/StrError.c
 
Building file: ../lib/Core/Time.cpp
Invoking: GCC C++ Compiler
g++ -DOMPI_SKIP_MPICXX -DCL_USE_DEPRECATED_OPENCL_1_1_APIS -I"/home/jaroscrl/workspace/OpenCLExercise1_Basics/lib" -I/usr/include/mpi -O0 -g3 -Wall -c -fmessage-length=0 -MMD -MP -MF"lib/Core/Time.d" -MT"lib/Core/Time.d" -o "lib/Core/Time.o" "../lib/Core/Time.cpp"
Finished building: ../lib/Core/Time.cpp
 
Building file: ../lib/Core/TimeSpan.cpp
Invoking: GCC C++ Compiler
g++ -DOMPI_SKIP_MPICXX -DCL_USE_DEPRECATED_OPENCL_1_1_APIS -I"/home/jaroscrl/workspace/OpenCLExercise1_Basics/lib" -I/usr/include/mpi -O0 -g3 -Wall -c -fmessage-length=0 -MMD -MP -MF"lib/Core/TimeSpan.d" -MT"lib/Core/TimeSpan.d" -o "lib/Core/TimeSpan.o" "../lib/Core/TimeSpan.cpp"
Finished building: ../lib/Core/TimeSpan.cpp
 
Building file: ../lib/Core/Type.cpp
Invoking: GCC C++ Compiler
g++ -DOMPI_SKIP_MPICXX -DCL_USE_DEPRECATED_OPENCL_1_1_APIS -I"/home/jaroscrl/workspace/OpenCLExercise1_Basics/lib" -I/usr/include/mpi -O0 -g3 -Wall -c -fmessage-length=0 -MMD -MP -MF"lib/Core/Type.d" -MT"lib/Core/Type.d" -o "lib/Core/Type.o" "../lib/Core/Type.cpp"
Finished building: ../lib/Core/Type.cpp
 
Building file: ../lib/Core/WindowsError.cpp
Invoking: GCC C++ Compiler
g++ -DOMPI_SKIP_MPICXX -DCL_USE_DEPRECATED_OPENCL_1_1_APIS -I"/home/jaroscrl/workspace/OpenCLExercise1_Basics/lib" -I/usr/include/mpi -O0 -g3 -Wall -c -fmessage-length=0 -MMD -MP -MF"lib/Core/WindowsError.d" -MT"lib/Core/WindowsError.d" -o "lib/Core/WindowsError.o" "../lib/Core/WindowsError.cpp"
Finished building: ../lib/Core/WindowsError.cpp
 
Building target: OpenCLExercise1_Basics
Invoking: GCC C++ Linker
g++  -o "OpenCLExercise1_Basics"  ./src/OpenCLExercise1_Basics.o  ./lib/OpenCL/Device.o ./lib/OpenCL/Error.o ./lib/OpenCL/Event.o ./lib/OpenCL/GetError.o ./lib/OpenCL/Program.o  ./lib/Core/Assert.o ./lib/Core/CheckedCast.o ./lib/Core/Error.o ./lib/Core/Exception.o ./lib/Core/Image.o ./lib/Core/Memory.o ./lib/Core/NumericException.o ./lib/Core/StrError.o ./lib/Core/Time.o ./lib/Core/TimeSpan.o ./lib/Core/Type.o ./lib/Core/WindowsError.o   -ldl -lboost_system -lboost_filesystem -lOpenCL
Finished building target: OpenCLExercise1_Basics
 

15:41:27 Build Finished (took 9s.236ms)

